
*** Running vivado
    with args -log top_vga_basys3.vds -m64 -product Vivado -mode batch -messageDb vivado.pb -notrace -source top_vga_basys3.tcl


****** Vivado v2021.2 (64-bit)
  **** SW Build 3367213 on Tue Oct 19 02:47:39 MDT 2021
  **** IP Build 3369179 on Thu Oct 21 08:25:16 MDT 2021
    ** Copyright 1986-2021 Xilinx, Inc. All Rights Reserved.

source top_vga_basys3.tcl -notrace
Command: synth_design -top top_vga_basys3 -part xc7a35tcpg236-1
Starting synth_design
Attempting to get a license for feature 'Synthesis' and/or device 'xc7a35t'
INFO: [Common 17-349] Got license for feature 'Synthesis' and/or device 'xc7a35t'
INFO: [Device 21-403] Loading part xc7a35tcpg236-1
INFO: [Synth 8-7079] Multithreading enabled for synth_design using a maximum of 4 processes.
INFO: [Synth 8-7078] Launching helper process for spawning children vivado processes
INFO: [Synth 8-7075] Helper process launched with PID 29082
---------------------------------------------------------------------------------
Starting RTL Elaboration : Time (s): cpu = 00:00:03 ; elapsed = 00:00:04 . Memory (MB): peak = 2717.816 ; gain = 0.000 ; free physical = 914 ; free virtual = 15453
---------------------------------------------------------------------------------
INFO: [Synth 8-6157] synthesizing module 'top_vga_basys3' [/home/student/mwalek/Vivado/uec2_lab3_student/fpga/rtl/top_vga_basys3.sv:17]
INFO: [Synth 8-6157] synthesizing module 'clk_wiz_0_clk_wiz' [/home/student/mwalek/Vivado/uec2_lab3_student/fpga/rtl/clk_wiz_0_clk_wiz.v:69]
INFO: [Synth 8-6157] synthesizing module 'IBUF' [/home_local/Xilinx/Vivado/2021.2/scripts/rt/data/unisim_comp.v:55204]
INFO: [Synth 8-6155] done synthesizing module 'IBUF' (1#1) [/home_local/Xilinx/Vivado/2021.2/scripts/rt/data/unisim_comp.v:55204]
INFO: [Synth 8-6157] synthesizing module 'MMCME2_ADV' [/home_local/Xilinx/Vivado/2021.2/scripts/rt/data/unisim_comp.v:63510]
	Parameter BANDWIDTH bound to: OPTIMIZED - type: string 
	Parameter CLKFBOUT_MULT_F bound to: 10.000000 - type: double 
	Parameter CLKFBOUT_PHASE bound to: 0.000000 - type: double 
	Parameter CLKFBOUT_USE_FINE_PS bound to: FALSE - type: string 
	Parameter CLKIN1_PERIOD bound to: 10.000000 - type: double 
	Parameter CLKOUT0_DIVIDE_F bound to: 10.000000 - type: double 
	Parameter CLKOUT0_DUTY_CYCLE bound to: 0.500000 - type: double 
	Parameter CLKOUT0_PHASE bound to: 0.000000 - type: double 
	Parameter CLKOUT0_USE_FINE_PS bound to: FALSE - type: string 
	Parameter CLKOUT1_DIVIDE bound to: 25 - type: integer 
	Parameter CLKOUT1_DUTY_CYCLE bound to: 0.500000 - type: double 
	Parameter CLKOUT1_PHASE bound to: 0.000000 - type: double 
	Parameter CLKOUT1_USE_FINE_PS bound to: FALSE - type: string 
	Parameter CLKOUT4_CASCADE bound to: FALSE - type: string 
	Parameter COMPENSATION bound to: ZHOLD - type: string 
	Parameter DIVCLK_DIVIDE bound to: 1 - type: integer 
	Parameter STARTUP_WAIT bound to: FALSE - type: string 
INFO: [Synth 8-6155] done synthesizing module 'MMCME2_ADV' (2#1) [/home_local/Xilinx/Vivado/2021.2/scripts/rt/data/unisim_comp.v:63510]
INFO: [Synth 8-6157] synthesizing module 'BUFG' [/home_local/Xilinx/Vivado/2021.2/scripts/rt/data/unisim_comp.v:1083]
INFO: [Synth 8-6155] done synthesizing module 'BUFG' (3#1) [/home_local/Xilinx/Vivado/2021.2/scripts/rt/data/unisim_comp.v:1083]
INFO: [Synth 8-6157] synthesizing module 'BUFGCE' [/home_local/Xilinx/Vivado/2021.2/scripts/rt/data/unisim_comp.v:1093]
INFO: [Synth 8-6155] done synthesizing module 'BUFGCE' (4#1) [/home_local/Xilinx/Vivado/2021.2/scripts/rt/data/unisim_comp.v:1093]
INFO: [Synth 8-6157] synthesizing module 'BUFH' [/home_local/Xilinx/Vivado/2021.2/scripts/rt/data/unisim_comp.v:1319]
INFO: [Synth 8-6155] done synthesizing module 'BUFH' (5#1) [/home_local/Xilinx/Vivado/2021.2/scripts/rt/data/unisim_comp.v:1319]
INFO: [Synth 8-6155] done synthesizing module 'clk_wiz_0_clk_wiz' (6#1) [/home/student/mwalek/Vivado/uec2_lab3_student/fpga/rtl/clk_wiz_0_clk_wiz.v:69]
INFO: [Synth 8-6157] synthesizing module 'ODDR' [/home_local/Xilinx/Vivado/2021.2/scripts/rt/data/unisim_comp.v:74749]
INFO: [Synth 8-6155] done synthesizing module 'ODDR' (7#1) [/home_local/Xilinx/Vivado/2021.2/scripts/rt/data/unisim_comp.v:74749]
INFO: [Synth 8-6157] synthesizing module 'top_vga' [/home/student/mwalek/Vivado/uec2_lab3_student/rtl/top_vga.sv:17]
INFO: [Synth 8-6157] synthesizing module 'vga_if' [/home/student/mwalek/Vivado/uec2_lab3_student/rtl/vga_if.sv:3]
INFO: [Synth 8-6155] done synthesizing module 'vga_if' (7#1) [/home/student/mwalek/Vivado/uec2_lab3_student/rtl/vga_if.sv:3]
INFO: [Synth 8-6157] synthesizing module 'vga_if' [/home/student/mwalek/Vivado/uec2_lab3_student/rtl/vga_if.sv:3]
INFO: [Synth 8-6155] done synthesizing module 'vga_if' (7#1) [/home/student/mwalek/Vivado/uec2_lab3_student/rtl/vga_if.sv:3]
INFO: [Synth 8-6157] synthesizing module 'vga_if' [/home/student/mwalek/Vivado/uec2_lab3_student/rtl/vga_if.sv:3]
INFO: [Synth 8-6155] done synthesizing module 'vga_if' (7#1) [/home/student/mwalek/Vivado/uec2_lab3_student/rtl/vga_if.sv:3]
INFO: [Synth 8-6157] synthesizing module 'vga_if' [/home/student/mwalek/Vivado/uec2_lab3_student/rtl/vga_if.sv:3]
INFO: [Synth 8-6155] done synthesizing module 'vga_if' (7#1) [/home/student/mwalek/Vivado/uec2_lab3_student/rtl/vga_if.sv:3]
INFO: [Synth 8-6157] synthesizing module 'vga_timing' [/home/student/mwalek/Vivado/uec2_lab3_student/rtl/vga_timing.sv:12]
WARNING: [Synth 8-3848] Net vga_tim\.rgb in module/entity vga_timing does not have driver. [/home/student/mwalek/Vivado/uec2_lab3_student/rtl/vga_timing.sv:15]
INFO: [Synth 8-6155] done synthesizing module 'vga_timing' (8#1) [/home/student/mwalek/Vivado/uec2_lab3_student/rtl/vga_timing.sv:12]
INFO: [Synth 8-6157] synthesizing module 'draw_bg' [/home/student/mwalek/Vivado/uec2_lab3_student/rtl/draw_bg.sv:14]
INFO: [Synth 8-6155] done synthesizing module 'draw_bg' (9#1) [/home/student/mwalek/Vivado/uec2_lab3_student/rtl/draw_bg.sv:14]
INFO: [Synth 8-6157] synthesizing module 'draw_rect' [/home/student/mwalek/Vivado/uec2_lab3_student/rtl/draw_rect.sv:13]
INFO: [Synth 8-6155] done synthesizing module 'draw_rect' (10#1) [/home/student/mwalek/Vivado/uec2_lab3_student/rtl/draw_rect.sv:13]
INFO: [Synth 8-638] synthesizing module 'MouseCtl' [/home/student/mwalek/Vivado/uec2_lab3_student/rtl/MouseCtl.vhd:207]
INFO: [Synth 8-3491] module 'Ps2Interface' declared at '/home/student/mwalek/Vivado/uec2_lab3_student/rtl/Ps2Interface.vhd:152' bound to instance 'Inst_Ps2Interface' of component 'Ps2Interface' [/home/student/mwalek/Vivado/uec2_lab3_student/rtl/MouseCtl.vhd:369]
INFO: [Synth 8-638] synthesizing module 'Ps2Interface' [/home/student/mwalek/Vivado/uec2_lab3_student/rtl/Ps2Interface.vhd:180]
INFO: [Synth 8-256] done synthesizing module 'Ps2Interface' (11#1) [/home/student/mwalek/Vivado/uec2_lab3_student/rtl/Ps2Interface.vhd:180]
WARNING: [Synth 8-6014] Unused sequential element set_x.inc_reg was removed.  [/home/student/mwalek/Vivado/uec2_lab3_student/rtl/MouseCtl.vhd:450]
WARNING: [Synth 8-6014] Unused sequential element set_x.x_inter_reg was removed.  [/home/student/mwalek/Vivado/uec2_lab3_student/rtl/MouseCtl.vhd:456]
WARNING: [Synth 8-6014] Unused sequential element set_y.inc_reg was removed.  [/home/student/mwalek/Vivado/uec2_lab3_student/rtl/MouseCtl.vhd:514]
WARNING: [Synth 8-6014] Unused sequential element set_y.y_inter_reg was removed.  [/home/student/mwalek/Vivado/uec2_lab3_student/rtl/MouseCtl.vhd:520]
INFO: [Synth 8-256] done synthesizing module 'MouseCtl' (12#1) [/home/student/mwalek/Vivado/uec2_lab3_student/rtl/MouseCtl.vhd:207]
WARNING: [Synth 8-7071] port 'zpos' of module 'MouseCtl' is unconnected for instance 'u_MouseCtl' [/home/student/mwalek/Vivado/uec2_lab3_student/rtl/top_vga.sv:88]
WARNING: [Synth 8-7071] port 'left' of module 'MouseCtl' is unconnected for instance 'u_MouseCtl' [/home/student/mwalek/Vivado/uec2_lab3_student/rtl/top_vga.sv:88]
WARNING: [Synth 8-7071] port 'middle' of module 'MouseCtl' is unconnected for instance 'u_MouseCtl' [/home/student/mwalek/Vivado/uec2_lab3_student/rtl/top_vga.sv:88]
WARNING: [Synth 8-7071] port 'right' of module 'MouseCtl' is unconnected for instance 'u_MouseCtl' [/home/student/mwalek/Vivado/uec2_lab3_student/rtl/top_vga.sv:88]
WARNING: [Synth 8-7071] port 'new_event' of module 'MouseCtl' is unconnected for instance 'u_MouseCtl' [/home/student/mwalek/Vivado/uec2_lab3_student/rtl/top_vga.sv:88]
WARNING: [Synth 8-7071] port 'value' of module 'MouseCtl' is unconnected for instance 'u_MouseCtl' [/home/student/mwalek/Vivado/uec2_lab3_student/rtl/top_vga.sv:88]
WARNING: [Synth 8-7071] port 'setx' of module 'MouseCtl' is unconnected for instance 'u_MouseCtl' [/home/student/mwalek/Vivado/uec2_lab3_student/rtl/top_vga.sv:88]
WARNING: [Synth 8-7071] port 'sety' of module 'MouseCtl' is unconnected for instance 'u_MouseCtl' [/home/student/mwalek/Vivado/uec2_lab3_student/rtl/top_vga.sv:88]
WARNING: [Synth 8-7071] port 'setmax_x' of module 'MouseCtl' is unconnected for instance 'u_MouseCtl' [/home/student/mwalek/Vivado/uec2_lab3_student/rtl/top_vga.sv:88]
WARNING: [Synth 8-7071] port 'setmax_y' of module 'MouseCtl' is unconnected for instance 'u_MouseCtl' [/home/student/mwalek/Vivado/uec2_lab3_student/rtl/top_vga.sv:88]
WARNING: [Synth 8-7023] instance 'u_MouseCtl' of module 'MouseCtl' has 16 connections declared, but only 6 given [/home/student/mwalek/Vivado/uec2_lab3_student/rtl/top_vga.sv:88]
INFO: [Synth 8-6157] synthesizing module 'draw_mouse' [/home/student/mwalek/Vivado/uec2_lab3_student/rtl/draw_mouse.sv:13]
INFO: [Synth 8-638] synthesizing module 'MouseDisplay' [/home/student/mwalek/Vivado/uec2_lab3_student/rtl/MouseDisplay.vhd:119]
INFO: [Synth 8-256] done synthesizing module 'MouseDisplay' (13#1) [/home/student/mwalek/Vivado/uec2_lab3_student/rtl/MouseDisplay.vhd:119]
WARNING: [Synth 8-3848] Net vga_mouse_out\.vcount in module/entity draw_mouse does not have driver. [/home/student/mwalek/Vivado/uec2_lab3_student/rtl/draw_mouse.sv:20]
WARNING: [Synth 8-3848] Net vga_mouse_out\.vblnk in module/entity draw_mouse does not have driver. [/home/student/mwalek/Vivado/uec2_lab3_student/rtl/draw_mouse.sv:20]
WARNING: [Synth 8-3848] Net vga_mouse_out\.hcount in module/entity draw_mouse does not have driver. [/home/student/mwalek/Vivado/uec2_lab3_student/rtl/draw_mouse.sv:20]
WARNING: [Synth 8-3848] Net vga_mouse_out\.hblnk in module/entity draw_mouse does not have driver. [/home/student/mwalek/Vivado/uec2_lab3_student/rtl/draw_mouse.sv:20]
INFO: [Synth 8-6155] done synthesizing module 'draw_mouse' (14#1) [/home/student/mwalek/Vivado/uec2_lab3_student/rtl/draw_mouse.sv:13]
INFO: [Synth 8-6157] synthesizing module 'hold' [/home/student/mwalek/Vivado/uec2_lab3_student/rtl/hold.sv:13]
INFO: [Synth 8-6155] done synthesizing module 'hold' (15#1) [/home/student/mwalek/Vivado/uec2_lab3_student/rtl/hold.sv:13]
INFO: [Synth 8-6155] done synthesizing module 'top_vga' (16#1) [/home/student/mwalek/Vivado/uec2_lab3_student/rtl/top_vga.sv:17]
INFO: [Synth 8-6155] done synthesizing module 'top_vga_basys3' (17#1) [/home/student/mwalek/Vivado/uec2_lab3_student/fpga/rtl/top_vga_basys3.sv:17]
WARNING: [Synth 8-7129] Port vga_mouse_out\.vcount[10] in module draw_mouse is either unconnected or has no load
WARNING: [Synth 8-7129] Port vga_mouse_out\.vcount[9] in module draw_mouse is either unconnected or has no load
WARNING: [Synth 8-7129] Port vga_mouse_out\.vcount[8] in module draw_mouse is either unconnected or has no load
WARNING: [Synth 8-7129] Port vga_mouse_out\.vcount[7] in module draw_mouse is either unconnected or has no load
WARNING: [Synth 8-7129] Port vga_mouse_out\.vcount[6] in module draw_mouse is either unconnected or has no load
WARNING: [Synth 8-7129] Port vga_mouse_out\.vcount[5] in module draw_mouse is either unconnected or has no load
WARNING: [Synth 8-7129] Port vga_mouse_out\.vcount[4] in module draw_mouse is either unconnected or has no load
WARNING: [Synth 8-7129] Port vga_mouse_out\.vcount[3] in module draw_mouse is either unconnected or has no load
WARNING: [Synth 8-7129] Port vga_mouse_out\.vcount[2] in module draw_mouse is either unconnected or has no load
WARNING: [Synth 8-7129] Port vga_mouse_out\.vcount[1] in module draw_mouse is either unconnected or has no load
WARNING: [Synth 8-7129] Port vga_mouse_out\.vcount[0] in module draw_mouse is either unconnected or has no load
WARNING: [Synth 8-7129] Port vga_mouse_out\.vblnk in module draw_mouse is either unconnected or has no load
WARNING: [Synth 8-7129] Port vga_mouse_out\.hcount[10] in module draw_mouse is either unconnected or has no load
WARNING: [Synth 8-7129] Port vga_mouse_out\.hcount[9] in module draw_mouse is either unconnected or has no load
WARNING: [Synth 8-7129] Port vga_mouse_out\.hcount[8] in module draw_mouse is either unconnected or has no load
WARNING: [Synth 8-7129] Port vga_mouse_out\.hcount[7] in module draw_mouse is either unconnected or has no load
WARNING: [Synth 8-7129] Port vga_mouse_out\.hcount[6] in module draw_mouse is either unconnected or has no load
WARNING: [Synth 8-7129] Port vga_mouse_out\.hcount[5] in module draw_mouse is either unconnected or has no load
WARNING: [Synth 8-7129] Port vga_mouse_out\.hcount[4] in module draw_mouse is either unconnected or has no load
WARNING: [Synth 8-7129] Port vga_mouse_out\.hcount[3] in module draw_mouse is either unconnected or has no load
WARNING: [Synth 8-7129] Port vga_mouse_out\.hcount[2] in module draw_mouse is either unconnected or has no load
WARNING: [Synth 8-7129] Port vga_mouse_out\.hcount[1] in module draw_mouse is either unconnected or has no load
WARNING: [Synth 8-7129] Port vga_mouse_out\.hcount[0] in module draw_mouse is either unconnected or has no load
WARNING: [Synth 8-7129] Port vga_mouse_out\.hblnk in module draw_mouse is either unconnected or has no load
WARNING: [Synth 8-7129] Port vga_bg_in\.rgb[11] in module draw_bg is either unconnected or has no load
WARNING: [Synth 8-7129] Port vga_bg_in\.rgb[10] in module draw_bg is either unconnected or has no load
WARNING: [Synth 8-7129] Port vga_bg_in\.rgb[9] in module draw_bg is either unconnected or has no load
WARNING: [Synth 8-7129] Port vga_bg_in\.rgb[8] in module draw_bg is either unconnected or has no load
WARNING: [Synth 8-7129] Port vga_bg_in\.rgb[7] in module draw_bg is either unconnected or has no load
WARNING: [Synth 8-7129] Port vga_bg_in\.rgb[6] in module draw_bg is either unconnected or has no load
WARNING: [Synth 8-7129] Port vga_bg_in\.rgb[5] in module draw_bg is either unconnected or has no load
WARNING: [Synth 8-7129] Port vga_bg_in\.rgb[4] in module draw_bg is either unconnected or has no load
WARNING: [Synth 8-7129] Port vga_bg_in\.rgb[3] in module draw_bg is either unconnected or has no load
WARNING: [Synth 8-7129] Port vga_bg_in\.rgb[2] in module draw_bg is either unconnected or has no load
WARNING: [Synth 8-7129] Port vga_bg_in\.rgb[1] in module draw_bg is either unconnected or has no load
WARNING: [Synth 8-7129] Port vga_bg_in\.rgb[0] in module draw_bg is either unconnected or has no load
WARNING: [Synth 8-7129] Port vga_tim\.rgb[11] in module vga_timing is either unconnected or has no load
WARNING: [Synth 8-7129] Port vga_tim\.rgb[10] in module vga_timing is either unconnected or has no load
WARNING: [Synth 8-7129] Port vga_tim\.rgb[9] in module vga_timing is either unconnected or has no load
WARNING: [Synth 8-7129] Port vga_tim\.rgb[8] in module vga_timing is either unconnected or has no load
WARNING: [Synth 8-7129] Port vga_tim\.rgb[7] in module vga_timing is either unconnected or has no load
WARNING: [Synth 8-7129] Port vga_tim\.rgb[6] in module vga_timing is either unconnected or has no load
WARNING: [Synth 8-7129] Port vga_tim\.rgb[5] in module vga_timing is either unconnected or has no load
WARNING: [Synth 8-7129] Port vga_tim\.rgb[4] in module vga_timing is either unconnected or has no load
WARNING: [Synth 8-7129] Port vga_tim\.rgb[3] in module vga_timing is either unconnected or has no load
WARNING: [Synth 8-7129] Port vga_tim\.rgb[2] in module vga_timing is either unconnected or has no load
WARNING: [Synth 8-7129] Port vga_tim\.rgb[1] in module vga_timing is either unconnected or has no load
WARNING: [Synth 8-7129] Port vga_tim\.rgb[0] in module vga_timing is either unconnected or has no load
---------------------------------------------------------------------------------
Finished RTL Elaboration : Time (s): cpu = 00:00:04 ; elapsed = 00:00:07 . Memory (MB): peak = 2717.816 ; gain = 0.000 ; free physical = 1887 ; free virtual = 16434
---------------------------------------------------------------------------------
---------------------------------------------------------------------------------
Start Handling Custom Attributes
---------------------------------------------------------------------------------
---------------------------------------------------------------------------------
Finished Handling Custom Attributes : Time (s): cpu = 00:00:05 ; elapsed = 00:00:08 . Memory (MB): peak = 2717.816 ; gain = 0.000 ; free physical = 1870 ; free virtual = 16418
---------------------------------------------------------------------------------
---------------------------------------------------------------------------------
Finished RTL Optimization Phase 1 : Time (s): cpu = 00:00:05 ; elapsed = 00:00:08 . Memory (MB): peak = 2717.816 ; gain = 0.000 ; free physical = 1870 ; free virtual = 16418
---------------------------------------------------------------------------------
Netlist sorting complete. Time (s): cpu = 00:00:00.01 ; elapsed = 00:00:00.01 . Memory (MB): peak = 2717.816 ; gain = 0.000 ; free physical = 1874 ; free virtual = 16422
WARNING: [Netlist 29-345] The value of SIM_DEVICE on instance 'inst/clkout1_buf' of type 'BUFGCE' is 'ULTRASCALE'; it is being changed to match the current FPGA architecture, '7SERIES'. For functional simulation to match hardware behavior, the value of SIM_DEVICE should be changed in the source netlist. 
WARNING: [Netlist 29-345] The value of SIM_DEVICE on instance 'inst/clkout2_buf' of type 'BUFGCE' is 'ULTRASCALE'; it is being changed to match the current FPGA architecture, '7SERIES'. For functional simulation to match hardware behavior, the value of SIM_DEVICE should be changed in the source netlist. 
INFO: [Netlist 29-17] Analyzing 4 Unisim elements for replacement
INFO: [Netlist 29-28] Unisim Transformation completed in 0 CPU seconds
INFO: [Project 1-570] Preparing netlist for logic optimization

Processing XDC Constraints
Initializing timing engine
Parsing XDC File [/home/student/mwalek/Vivado/uec2_lab3_student/fpga/constraints/top_vga_basys3.xdc]
Finished Parsing XDC File [/home/student/mwalek/Vivado/uec2_lab3_student/fpga/constraints/top_vga_basys3.xdc]
INFO: [Project 1-236] Implementation specific constraints were found while reading constraint file [/home/student/mwalek/Vivado/uec2_lab3_student/fpga/constraints/top_vga_basys3.xdc]. These constraints will be ignored for synthesis but will be used in implementation. Impacted constraints are listed in the file [.Xil/top_vga_basys3_propImpl.xdc].
Resolution: To avoid this warning, move constraints listed in [.Xil/top_vga_basys3_propImpl.xdc] to another XDC file and exclude this new file from synthesis with the used_in_synthesis property (File Properties dialog in GUI) and re-run elaboration/synthesis.
INFO: [Timing 38-2] Deriving generated clocks
Completed Processing XDC Constraints

Netlist sorting complete. Time (s): cpu = 00:00:00 ; elapsed = 00:00:00 . Memory (MB): peak = 2781.727 ; gain = 0.000 ; free physical = 1692 ; free virtual = 16256
INFO: [Project 1-111] Unisim Transformation Summary:
  A total of 2 instances were transformed.
  BUFGCE => BUFGCTRL: 2 instances

Constraint Validation Runtime : Time (s): cpu = 00:00:00.01 ; elapsed = 00:00:00.01 . Memory (MB): peak = 2781.727 ; gain = 0.000 ; free physical = 1692 ; free virtual = 16256
---------------------------------------------------------------------------------
Finished Constraint Validation : Time (s): cpu = 00:00:10 ; elapsed = 00:00:15 . Memory (MB): peak = 2781.727 ; gain = 63.910 ; free physical = 1850 ; free virtual = 16413
---------------------------------------------------------------------------------
---------------------------------------------------------------------------------
Start Loading Part and Timing Information
---------------------------------------------------------------------------------
Loading part: xc7a35tcpg236-1
---------------------------------------------------------------------------------
Finished Loading Part and Timing Information : Time (s): cpu = 00:00:10 ; elapsed = 00:00:15 . Memory (MB): peak = 2781.727 ; gain = 63.910 ; free physical = 1839 ; free virtual = 16402
---------------------------------------------------------------------------------
---------------------------------------------------------------------------------
Start Applying 'set_property' XDC Constraints
---------------------------------------------------------------------------------
---------------------------------------------------------------------------------
Finished applying 'set_property' XDC Constraints : Time (s): cpu = 00:00:10 ; elapsed = 00:00:15 . Memory (MB): peak = 2781.727 ; gain = 63.910 ; free physical = 1842 ; free virtual = 16406
---------------------------------------------------------------------------------
INFO: [Synth 8-802] inferred FSM for state register 'state_reg' in module 'Ps2Interface'
INFO: [Synth 8-802] inferred FSM for state register 'state_reg' in module 'MouseCtl'
---------------------------------------------------------------------------------------------------
                   State |                     New Encoding |                Previous Encoding 
---------------------------------------------------------------------------------------------------
                    idle |                00000000000000001 |                            00000
            rx_down_edge |                00000000000000010 |                            00011
                rx_clk_l |                00000000000000100 |                            00010
                rx_clk_h |                00000000000001000 |                            00001
         rx_error_parity |                00000000000010000 |                            00100
           rx_data_ready |                00000000000100000 |                            00101
          tx_force_clk_l |                00000000001000000 |                            00110
      tx_bring_data_down |                00000000010000000 |                            00111
          tx_release_clk |                00000000100000000 |                            01000
 tx_first_wait_down_edge |                00000001000000000 |                            01001
                tx_clk_l |                00000010000000000 |                            01010
         tx_wait_up_edge |                00000100000000000 |                            01011
tx_wait_up_edge_before_ack |                00001000000000000 |                            01101
             tx_wait_ack |                00010000000000000 |                            01110
         tx_received_ack |                00100000000000000 |                            01111
         tx_error_no_ack |                01000000000000000 |                            10000
                tx_clk_h |                10000000000000000 |                            01100
---------------------------------------------------------------------------------------------------
INFO: [Synth 8-3354] encoded FSM with state register 'state_reg' using encoding 'one-hot' in module 'Ps2Interface'
---------------------------------------------------------------------------------------------------
                   State |                     New Encoding |                Previous Encoding 
---------------------------------------------------------------------------------------------------
                   reset | 0000000000000000000000000000000000001 |                           000000
          reset_wait_ack | 0000000000000000000000000000000000010 |                           000001
reset_wait_bat_completion | 0000000000000000000000000000000000100 |                           000010
           reset_wait_id | 0000000000000000000000000000000001000 |                           000011
reset_set_sample_rate_200 | 0000000000000000000000000000000010000 |                           000100
reset_set_sample_rate_200_wait_ack | 0000000000000000000000000000000100000 |                           000101
reset_send_sample_rate_200 | 0000000000000000000000000000001000000 |                           000110
reset_send_sample_rate_200_wait_ack | 0000000000000000000000000000010000000 |                           000111
reset_set_sample_rate_100 | 0000000000000000000000000000100000000 |                           001000
reset_set_sample_rate_100_wait_ack | 0000000000000000000000000001000000000 |                           001001
reset_send_sample_rate_100 | 0000000000000000000000000010000000000 |                           001010
reset_send_sample_rate_100_wait_ack | 0000000000000000000000000100000000000 |                           001011
reset_set_sample_rate_80 | 0000000000000000000000001000000000000 |                           001100
reset_set_sample_rate_80_wait_ack | 0000000000000000000000010000000000000 |                           001101
reset_send_sample_rate_80 | 0000000000000000000000100000000000000 |                           001110
reset_send_sample_rate_80_wait_ack | 0000000000000000000001000000000000000 |                           001111
           reset_read_id | 0000000000000000000010000000000000000 |                           010000
  reset_read_id_wait_ack | 0000000000000000000100000000000000000 |                           010001
   reset_read_id_wait_id | 0000000000000000001000000000000000000 |                           010010
    reset_set_resolution | 0000000000000000010000000000000000000 |                           010011
reset_set_resolution_wait_ack | 0000000000000000100000000000000000000 |                           010100
   reset_send_resolution | 0000000000000001000000000000000000000 |                           010101
reset_send_resolution_wait_ack | 0000000000000010000000000000000000000 |                           010110
reset_set_sample_rate_40 | 0000000000000100000000000000000000000 |                           010111
reset_set_sample_rate_40_wait_ack | 0000000000001000000000000000000000000 |                           011000
reset_send_sample_rate_40 | 0000000000010000000000000000000000000 |                           011001
reset_send_sample_rate_40_wait_ack | 0000000000100000000000000000000000000 |                           011010
  reset_enable_reporting | 0000000001000000000000000000000000000 |                           011011
reset_enable_reporting_wait_ack | 0000000010000000000000000000000000000 |                           011100
             read_byte_1 | 0000000100000000000000000000000000000 |                           011101
             read_byte_2 | 0000001000000000000000000000000000000 |                           011110
             read_byte_3 | 0000010000000000000000000000000000000 |                           011111
             read_byte_4 | 0000100000000000000000000000000000000 |                           100000
          mark_new_event | 0001000000000000000000000000000000000 |                           100100
           check_read_id | 0010000000000000000000000000000000000 |                           100001
  check_read_id_wait_ack | 0100000000000000000000000000000000000 |                           100010
   check_read_id_wait_id | 1000000000000000000000000000000000000 |                           100011
---------------------------------------------------------------------------------------------------
INFO: [Synth 8-3354] encoded FSM with state register 'state_reg' using encoding 'one-hot' in module 'MouseCtl'
---------------------------------------------------------------------------------
Finished RTL Optimization Phase 2 : Time (s): cpu = 00:00:11 ; elapsed = 00:00:17 . Memory (MB): peak = 2781.727 ; gain = 63.910 ; free physical = 1837 ; free virtual = 16406
---------------------------------------------------------------------------------
---------------------------------------------------------------------------------
Start RTL Component Statistics 
---------------------------------------------------------------------------------
Detailed RTL Component Info : 
+---Adders : 
	   2 Input   26 Bit       Adders := 1     
	   2 Input   24 Bit       Adders := 1     
	   2 Input   13 Bit       Adders := 2     
	   3 Input   13 Bit       Adders := 2     
	   2 Input   12 Bit       Adders := 6     
	   2 Input   11 Bit       Adders := 3     
	   2 Input    8 Bit       Adders := 1     
	   2 Input    7 Bit       Adders := 1     
	   2 Input    4 Bit       Adders := 3     
	   3 Input    4 Bit       Adders := 2     
+---Registers : 
	               26 Bit    Registers := 1     
	               24 Bit    Registers := 1     
	               12 Bit    Registers := 11    
	               11 Bit    Registers := 8     
	                8 Bit    Registers := 6     
	                7 Bit    Registers := 1     
	                4 Bit    Registers := 4     
	                1 Bit    Registers := 49    
+---Muxes : 
	  37 Input   37 Bit        Muxes := 1     
	   2 Input   37 Bit        Muxes := 69    
	   2 Input   26 Bit        Muxes := 1     
	   2 Input   24 Bit        Muxes := 1     
	  17 Input   17 Bit        Muxes := 1     
	   2 Input   17 Bit        Muxes := 18    
	  13 Input   12 Bit        Muxes := 1     
	   3 Input   12 Bit        Muxes := 2     
	   2 Input   12 Bit        Muxes := 16    
	   2 Input   11 Bit        Muxes := 4     
	   2 Input    9 Bit        Muxes := 2     
	  37 Input    8 Bit        Muxes := 3     
	  37 Input    4 Bit        Muxes := 1     
	   3 Input    2 Bit        Muxes := 2     
	   2 Input    1 Bit        Muxes := 6     
	  17 Input    1 Bit        Muxes := 4     
	  37 Input    1 Bit        Muxes := 20    
---------------------------------------------------------------------------------
Finished RTL Component Statistics 
---------------------------------------------------------------------------------
---------------------------------------------------------------------------------
Start Part Resource Summary
---------------------------------------------------------------------------------
Part Resources:
DSPs: 90 (col length:60)
BRAMs: 100 (col length: RAMB18 60 RAMB36 30)
---------------------------------------------------------------------------------
Finished Part Resource Summary
---------------------------------------------------------------------------------
---------------------------------------------------------------------------------
Start Cross Boundary and Area Optimization
---------------------------------------------------------------------------------
WARNING: [Synth 8-7080] Parallel synthesis criteria is not met
WARNING: [Synth 8-7129] Port vga_mouse_out\.vcount[10] in module draw_mouse is either unconnected or has no load
WARNING: [Synth 8-7129] Port vga_mouse_out\.vcount[9] in module draw_mouse is either unconnected or has no load
WARNING: [Synth 8-7129] Port vga_mouse_out\.vcount[8] in module draw_mouse is either unconnected or has no load
WARNING: [Synth 8-7129] Port vga_mouse_out\.vcount[7] in module draw_mouse is either unconnected or has no load
WARNING: [Synth 8-7129] Port vga_mouse_out\.vcount[6] in module draw_mouse is either unconnected or has no load
WARNING: [Synth 8-7129] Port vga_mouse_out\.vcount[5] in module draw_mouse is either unconnected or has no load
WARNING: [Synth 8-7129] Port vga_mouse_out\.vcount[4] in module draw_mouse is either unconnected or has no load
WARNING: [Synth 8-7129] Port vga_mouse_out\.vcount[3] in module draw_mouse is either unconnected or has no load
WARNING: [Synth 8-7129] Port vga_mouse_out\.vcount[2] in module draw_mouse is either unconnected or has no load
WARNING: [Synth 8-7129] Port vga_mouse_out\.vcount[1] in module draw_mouse is either unconnected or has no load
WARNING: [Synth 8-7129] Port vga_mouse_out\.vcount[0] in module draw_mouse is either unconnected or has no load
WARNING: [Synth 8-7129] Port vga_mouse_out\.vblnk in module draw_mouse is either unconnected or has no load
WARNING: [Synth 8-7129] Port vga_mouse_out\.hcount[10] in module draw_mouse is either unconnected or has no load
WARNING: [Synth 8-7129] Port vga_mouse_out\.hcount[9] in module draw_mouse is either unconnected or has no load
WARNING: [Synth 8-7129] Port vga_mouse_out\.hcount[8] in module draw_mouse is either unconnected or has no load
WARNING: [Synth 8-7129] Port vga_mouse_out\.hcount[7] in module draw_mouse is either unconnected or has no load
WARNING: [Synth 8-7129] Port vga_mouse_out\.hcount[6] in module draw_mouse is either unconnected or has no load
WARNING: [Synth 8-7129] Port vga_mouse_out\.hcount[5] in module draw_mouse is either unconnected or has no load
WARNING: [Synth 8-7129] Port vga_mouse_out\.hcount[4] in module draw_mouse is either unconnected or has no load
WARNING: [Synth 8-7129] Port vga_mouse_out\.hcount[3] in module draw_mouse is either unconnected or has no load
WARNING: [Synth 8-7129] Port vga_mouse_out\.hcount[2] in module draw_mouse is either unconnected or has no load
WARNING: [Synth 8-7129] Port vga_mouse_out\.hcount[1] in module draw_mouse is either unconnected or has no load
WARNING: [Synth 8-7129] Port vga_mouse_out\.hcount[0] in module draw_mouse is either unconnected or has no load
WARNING: [Synth 8-7129] Port vga_mouse_out\.hblnk in module draw_mouse is either unconnected or has no load
WARNING: [Synth 8-7129] Port vga_bg_in\.rgb[11] in module draw_bg is either unconnected or has no load
WARNING: [Synth 8-7129] Port vga_bg_in\.rgb[10] in module draw_bg is either unconnected or has no load
WARNING: [Synth 8-7129] Port vga_bg_in\.rgb[9] in module draw_bg is either unconnected or has no load
WARNING: [Synth 8-7129] Port vga_bg_in\.rgb[8] in module draw_bg is either unconnected or has no load
WARNING: [Synth 8-7129] Port vga_bg_in\.rgb[7] in module draw_bg is either unconnected or has no load
WARNING: [Synth 8-7129] Port vga_bg_in\.rgb[6] in module draw_bg is either unconnected or has no load
WARNING: [Synth 8-7129] Port vga_bg_in\.rgb[5] in module draw_bg is either unconnected or has no load
WARNING: [Synth 8-7129] Port vga_bg_in\.rgb[4] in module draw_bg is either unconnected or has no load
WARNING: [Synth 8-7129] Port vga_bg_in\.rgb[3] in module draw_bg is either unconnected or has no load
WARNING: [Synth 8-7129] Port vga_bg_in\.rgb[2] in module draw_bg is either unconnected or has no load
WARNING: [Synth 8-7129] Port vga_bg_in\.rgb[1] in module draw_bg is either unconnected or has no load
WARNING: [Synth 8-7129] Port vga_bg_in\.rgb[0] in module draw_bg is either unconnected or has no load
WARNING: [Synth 8-7129] Port vga_tim\.rgb[11] in module vga_timing is either unconnected or has no load
WARNING: [Synth 8-7129] Port vga_tim\.rgb[10] in module vga_timing is either unconnected or has no load
WARNING: [Synth 8-7129] Port vga_tim\.rgb[9] in module vga_timing is either unconnected or has no load
WARNING: [Synth 8-7129] Port vga_tim\.rgb[8] in module vga_timing is either unconnected or has no load
WARNING: [Synth 8-7129] Port vga_tim\.rgb[7] in module vga_timing is either unconnected or has no load
WARNING: [Synth 8-7129] Port vga_tim\.rgb[6] in module vga_timing is either unconnected or has no load
WARNING: [Synth 8-7129] Port vga_tim\.rgb[5] in module vga_timing is either unconnected or has no load
WARNING: [Synth 8-7129] Port vga_tim\.rgb[4] in module vga_timing is either unconnected or has no load
WARNING: [Synth 8-7129] Port vga_tim\.rgb[3] in module vga_timing is either unconnected or has no load
WARNING: [Synth 8-7129] Port vga_tim\.rgb[2] in module vga_timing is either unconnected or has no load
WARNING: [Synth 8-7129] Port vga_tim\.rgb[1] in module vga_timing is either unconnected or has no load
WARNING: [Synth 8-7129] Port vga_tim\.rgb[0] in module vga_timing is either unconnected or has no load
---------------------------------------------------------------------------------
Finished Cross Boundary and Area Optimization : Time (s): cpu = 00:00:14 ; elapsed = 00:00:20 . Memory (MB): peak = 2781.727 ; gain = 63.910 ; free physical = 1814 ; free virtual = 16392
---------------------------------------------------------------------------------
---------------------------------------------------------------------------------
Start ROM, RAM, DSP, Shift Register and Retiming Reporting
---------------------------------------------------------------------------------

ROM: Preliminary Mapping Report
+-------------+------------------+---------------+----------------+
|Module Name  | RTL Object       | Depth x Width | Implemented As | 
+-------------+------------------+---------------+----------------+
|MouseDisplay | mouserom[0]      | 256x2         | LUT            | 
|draw_mouse   | inst/mouserom[0] | 256x2         | LUT            | 
+-------------+------------------+---------------+----------------+

---------------------------------------------------------------------------------
Finished ROM, RAM, DSP, Shift Register and Retiming Reporting
---------------------------------------------------------------------------------
---------------------------------------------------------------------------------
Start Applying XDC Timing Constraints
---------------------------------------------------------------------------------
---------------------------------------------------------------------------------
Finished Applying XDC Timing Constraints : Time (s): cpu = 00:00:18 ; elapsed = 00:00:25 . Memory (MB): peak = 2781.727 ; gain = 63.910 ; free physical = 1686 ; free virtual = 16271
---------------------------------------------------------------------------------
---------------------------------------------------------------------------------
Start Timing Optimization
---------------------------------------------------------------------------------
---------------------------------------------------------------------------------
Finished Timing Optimization : Time (s): cpu = 00:00:18 ; elapsed = 00:00:25 . Memory (MB): peak = 2781.727 ; gain = 63.910 ; free physical = 1685 ; free virtual = 16270
---------------------------------------------------------------------------------
---------------------------------------------------------------------------------
Start Technology Mapping
---------------------------------------------------------------------------------
---------------------------------------------------------------------------------
Finished Technology Mapping : Time (s): cpu = 00:00:19 ; elapsed = 00:00:25 . Memory (MB): peak = 2781.727 ; gain = 63.910 ; free physical = 1683 ; free virtual = 16268
---------------------------------------------------------------------------------
---------------------------------------------------------------------------------
Start IO Insertion
---------------------------------------------------------------------------------
---------------------------------------------------------------------------------
Start Flattening Before IO Insertion
---------------------------------------------------------------------------------
---------------------------------------------------------------------------------
Finished Flattening Before IO Insertion
---------------------------------------------------------------------------------
---------------------------------------------------------------------------------
Start Final Netlist Cleanup
---------------------------------------------------------------------------------
---------------------------------------------------------------------------------
Finished Final Netlist Cleanup
---------------------------------------------------------------------------------
---------------------------------------------------------------------------------
Finished IO Insertion : Time (s): cpu = 00:00:22 ; elapsed = 00:00:28 . Memory (MB): peak = 2781.727 ; gain = 63.910 ; free physical = 1683 ; free virtual = 16268
---------------------------------------------------------------------------------
---------------------------------------------------------------------------------
Start Renaming Generated Instances
---------------------------------------------------------------------------------
---------------------------------------------------------------------------------
Finished Renaming Generated Instances : Time (s): cpu = 00:00:22 ; elapsed = 00:00:28 . Memory (MB): peak = 2781.727 ; gain = 63.910 ; free physical = 1683 ; free virtual = 16268
---------------------------------------------------------------------------------
---------------------------------------------------------------------------------
Start Rebuilding User Hierarchy
---------------------------------------------------------------------------------
---------------------------------------------------------------------------------
Finished Rebuilding User Hierarchy : Time (s): cpu = 00:00:22 ; elapsed = 00:00:28 . Memory (MB): peak = 2781.727 ; gain = 63.910 ; free physical = 1683 ; free virtual = 16268
---------------------------------------------------------------------------------
---------------------------------------------------------------------------------
Start Renaming Generated Ports
---------------------------------------------------------------------------------
---------------------------------------------------------------------------------
Finished Renaming Generated Ports : Time (s): cpu = 00:00:22 ; elapsed = 00:00:28 . Memory (MB): peak = 2781.727 ; gain = 63.910 ; free physical = 1683 ; free virtual = 16268
---------------------------------------------------------------------------------
---------------------------------------------------------------------------------
Start Handling Custom Attributes
---------------------------------------------------------------------------------
---------------------------------------------------------------------------------
Finished Handling Custom Attributes : Time (s): cpu = 00:00:22 ; elapsed = 00:00:28 . Memory (MB): peak = 2781.727 ; gain = 63.910 ; free physical = 1683 ; free virtual = 16268
---------------------------------------------------------------------------------
---------------------------------------------------------------------------------
Start Renaming Generated Nets
---------------------------------------------------------------------------------
---------------------------------------------------------------------------------
Finished Renaming Generated Nets : Time (s): cpu = 00:00:22 ; elapsed = 00:00:28 . Memory (MB): peak = 2781.727 ; gain = 63.910 ; free physical = 1683 ; free virtual = 16268
---------------------------------------------------------------------------------
---------------------------------------------------------------------------------
Start ROM, RAM, DSP, Shift Register and Retiming Reporting
---------------------------------------------------------------------------------

Static Shift Register Report:
+---------------+-------------------------------------------------+--------+-------+--------------+--------------------+-------------------+--------+---------+
|Module Name    | RTL Name                                        | Length | Width | Reset Signal | Pull out first Reg | Pull out last Reg | SRL16E | SRLC32E | 
+---------------+-------------------------------------------------+--------+-------+--------------+--------------------+-------------------+--------+---------+
|top_vga_basys3 | u_top_vga/u_draw_mouse/vga_mouse_out\.vsync_reg | 4      | 1     | YES          | NO                 | YES               | 1      | 0       | 
|top_vga_basys3 | u_top_vga/u_draw_mouse/vga_mouse_out\.hsync_reg | 4      | 1     | YES          | NO                 | YES               | 1      | 0       | 
+---------------+-------------------------------------------------+--------+-------+--------------+--------------------+-------------------+--------+---------+

---------------------------------------------------------------------------------
Finished ROM, RAM, DSP, Shift Register and Retiming Reporting
---------------------------------------------------------------------------------
---------------------------------------------------------------------------------
Start Writing Synthesis Report
---------------------------------------------------------------------------------

Report BlackBoxes: 
+-+--------------+----------+
| |BlackBox name |Instances |
+-+--------------+----------+
+-+--------------+----------+

Report Cell Usage: 
+------+-----------+------+
|      |Cell       |Count |
+------+-----------+------+
|1     |BUFG       |     1|
|2     |BUFGCE     |     2|
|3     |BUFH       |     2|
|4     |CARRY4     |    61|
|5     |LUT1       |    35|
|6     |LUT2       |   147|
|7     |LUT3       |    89|
|8     |LUT4       |   138|
|9     |LUT5       |    71|
|10    |LUT6       |   148|
|11    |MMCME2_ADV |     1|
|12    |MUXF7      |     4|
|13    |MUXF8      |     2|
|14    |ODDR       |     1|
|15    |SRL16E     |     2|
|16    |FDCE       |    75|
|17    |FDPE       |     4|
|18    |FDRE       |   315|
|19    |FDSE       |     6|
|20    |IBUF       |     2|
|21    |IOBUF      |     2|
|22    |OBUF       |    15|
+------+-----------+------+
---------------------------------------------------------------------------------
Finished Writing Synthesis Report : Time (s): cpu = 00:00:22 ; elapsed = 00:00:28 . Memory (MB): peak = 2781.727 ; gain = 63.910 ; free physical = 1684 ; free virtual = 16269
---------------------------------------------------------------------------------
Synthesis finished with 0 errors, 0 critical warnings and 49 warnings.
Synthesis Optimization Runtime : Time (s): cpu = 00:00:20 ; elapsed = 00:00:26 . Memory (MB): peak = 2781.727 ; gain = 0.000 ; free physical = 1737 ; free virtual = 16322
Synthesis Optimization Complete : Time (s): cpu = 00:00:22 ; elapsed = 00:00:28 . Memory (MB): peak = 2781.727 ; gain = 63.910 ; free physical = 1737 ; free virtual = 16323
INFO: [Project 1-571] Translating synthesized netlist
Netlist sorting complete. Time (s): cpu = 00:00:00.01 ; elapsed = 00:00:00.01 . Memory (MB): peak = 2781.727 ; gain = 0.000 ; free physical = 1730 ; free virtual = 16316
WARNING: [Netlist 29-345] The value of SIM_DEVICE on instance 'inst/clkout1_buf' of type 'BUFGCE' is 'ULTRASCALE'; it is being changed to match the current FPGA architecture, '7SERIES'. For functional simulation to match hardware behavior, the value of SIM_DEVICE should be changed in the source netlist. 
WARNING: [Netlist 29-345] The value of SIM_DEVICE on instance 'inst/clkout2_buf' of type 'BUFGCE' is 'ULTRASCALE'; it is being changed to match the current FPGA architecture, '7SERIES'. For functional simulation to match hardware behavior, the value of SIM_DEVICE should be changed in the source netlist. 
INFO: [Netlist 29-17] Analyzing 73 Unisim elements for replacement
INFO: [Netlist 29-28] Unisim Transformation completed in 0 CPU seconds
INFO: [Project 1-570] Preparing netlist for logic optimization
INFO: [Opt 31-138] Pushed 0 inverter(s) to 0 load pin(s).
Netlist sorting complete. Time (s): cpu = 00:00:00 ; elapsed = 00:00:00 . Memory (MB): peak = 2781.727 ; gain = 0.000 ; free physical = 1761 ; free virtual = 16349
INFO: [Project 1-111] Unisim Transformation Summary:
  A total of 4 instances were transformed.
  BUFGCE => BUFGCTRL: 2 instances
  IOBUF => IOBUF (IBUF, OBUFT): 2 instances

Synth Design complete, checksum: db53bc59
INFO: [Common 17-83] Releasing license: Synthesis
65 Infos, 121 Warnings, 0 Critical Warnings and 0 Errors encountered.
synth_design completed successfully
synth_design: Time (s): cpu = 00:00:30 ; elapsed = 00:00:34 . Memory (MB): peak = 2781.727 ; gain = 64.031 ; free physical = 1964 ; free virtual = 16552
INFO: [Common 17-1381] The checkpoint '/home/student/mwalek/Vivado/uec2_lab3_student/fpga/build/vga_project.runs/synth_1/top_vga_basys3.dcp' has been generated.
INFO: [runtcl-4] Executing : report_utilization -file top_vga_basys3_utilization_synth.rpt -pb top_vga_basys3_utilization_synth.pb
INFO: [Common 17-206] Exiting Vivado at Sat May 18 22:01:04 2024...
