Copyright 1986-2021 Xilinx, Inc. All Rights Reserved.
-------------------------------------------------------------------------------------------
| Tool Version : Vivado v.2021.2 (lin64) Build 3367213 Tue Oct 19 02:47:39 MDT 2021
| Date         : Sat May 18 22:01:47 2024
| Host         : cadence28 running 64-bit CentOS Linux release 7.9.2009 (Core)
| Command      : report_control_sets -verbose -file top_vga_basys3_control_sets_placed.rpt
| Design       : top_vga_basys3
| Device       : xc7a35t
-------------------------------------------------------------------------------------------

Control Set Information

Table of Contents
-----------------
1. Summary
2. Histogram
3. Flip-Flop Distribution
4. Detailed Control Set Information

1. Summary
----------

+----------------------------------------------------------+-------+
|                          Status                          | Count |
+----------------------------------------------------------+-------+
| Total control sets                                       |    23 |
|    Minimum number of control sets                        |    23 |
|    Addition due to synthesis replication                 |     0 |
|    Addition due to physical synthesis replication        |     0 |
| Unused register locations in slices containing registers |    58 |
+----------------------------------------------------------+-------+
* Control sets can be merged at opt_design using control_set_merge or merge_equivalent_drivers
** Run report_qor_suggestions for automated merging and remapping suggestions


2. Histogram
------------

+--------------------+-------+
|       Fanout       | Count |
+--------------------+-------+
| Total control sets |    23 |
| >= 0 to < 4        |     0 |
| >= 4 to < 6        |     2 |
| >= 6 to < 8        |     3 |
| >= 8 to < 10       |     6 |
| >= 10 to < 12      |     4 |
| >= 12 to < 14      |     2 |
| >= 14 to < 16      |     1 |
| >= 16              |     5 |
+--------------------+-------+
* Control sets can be remapped at either synth_design or opt_design


3. Flip-Flop Distribution
-------------------------

+--------------+-----------------------+------------------------+-----------------+--------------+
| Clock Enable | Synchronous Set/Reset | Asynchronous Set/Reset | Total Registers | Total Slices |
+--------------+-----------------------+------------------------+-----------------+--------------+
| No           | No                    | No                     |              67 |           28 |
| No           | No                    | Yes                    |              59 |           16 |
| No           | Yes                   | No                     |             168 |           57 |
| Yes          | No                    | No                     |              56 |           18 |
| Yes          | No                    | Yes                    |              20 |            6 |
| Yes          | Yes                   | No                     |              36 |           10 |
+--------------+-----------------------+------------------------+-----------------+--------------+


4. Detailed Control Set Information
-----------------------------------

+----------------------------------+---------------------------------------------------------------------+---------------------------------------------------------------------+------------------+----------------+--------------+
|           Clock Signal           |                            Enable Signal                            |                           Set/Reset Signal                          | Slice Load Count | Bel Load Count | Bels / Slice |
+----------------------------------+---------------------------------------------------------------------+---------------------------------------------------------------------+------------------+----------------+--------------+
|  inst/clk100Mhz                  | u_top_vga/u_MouseCtl/Inst_Ps2Interface/shift_frame                  | u_top_vga/u_MouseCtl/Inst_Ps2Interface/reset_bit_count              |                1 |              4 |         4.00 |
|  inst/clk100Mhz                  | u_top_vga/u_MouseCtl/Inst_Ps2Interface/FSM_onehot_state_reg[0]_1    | btnC_IBUF                                                           |                2 |              4 |         2.00 |
|  inst/clk40Mhz                   |                                                                     | u_top_vga/u_draw_bg/SR[0]                                           |                4 |              6 |         1.50 |
|  inst/clk100Mhz                  | u_top_vga/u_MouseCtl/Inst_Ps2Interface/delay_63clk_count[6]_i_2_n_0 | u_top_vga/u_MouseCtl/Inst_Ps2Interface/delay_63clk_count[6]_i_1_n_0 |                2 |              7 |         3.50 |
|  inst/clk100Mhz                  | u_top_vga/u_MouseCtl/Inst_Ps2Interface/btnC                         |                                                                     |                3 |              7 |         2.33 |
|  inst/clk40Mhz_clk_wiz_0_en_clk  |                                                                     |                                                                     |                1 |              8 |         8.00 |
|  inst/clk100Mhz                  | u_top_vga/u_MouseCtl/tx_data[7]_i_1_n_0                             |                                                                     |                2 |              8 |         4.00 |
|  inst/clk100Mhz                  | u_top_vga/u_MouseCtl/Inst_Ps2Interface/FSM_onehot_state_reg[0]_0[0] | btnC_IBUF                                                           |                2 |              8 |         4.00 |
|  inst/clk100Mhz                  | u_top_vga/u_MouseCtl/Inst_Ps2Interface/E[0]                         | btnC_IBUF                                                           |                2 |              8 |         4.00 |
|  inst/clk100Mhz                  | u_top_vga/u_MouseCtl/Inst_Ps2Interface/load_rx_data                 |                                                                     |                2 |              8 |         4.00 |
|  inst/clk100Mhz_clk_wiz_0_en_clk |                                                                     |                                                                     |                1 |              8 |         8.00 |
|  inst/clk100Mhz                  | u_top_vga/u_MouseCtl/Inst_Ps2Interface/frame[9]_i_1_n_0             |                                                                     |                2 |             10 |         5.00 |
|  inst/clk40Mhz                   |                                                                     |                                                                     |                3 |             10 |         3.33 |
|  inst/clk100Mhz                  | u_top_vga/u_MouseCtl/Inst_Ps2Interface/delay_20us_count[10]_i_2_n_0 | u_top_vga/u_MouseCtl/Inst_Ps2Interface/delay_20us_count[10]_i_1_n_0 |                3 |             11 |         3.67 |
|  inst/clk100Mhz                  | u_top_vga/u_MouseCtl/y_new_reg_n_0                                  |                                                                     |                4 |             11 |         2.75 |
|  inst/clk40Mhz                   |                                                                     | u_top_vga/u_draw_rect/SS[0]                                         |                4 |             12 |         3.00 |
|  inst/clk100Mhz                  | u_top_vga/u_MouseCtl/x_new_reg_n_0                                  |                                                                     |                5 |             12 |         2.40 |
|  inst/clk100Mhz                  | u_top_vga/u_MouseCtl/Inst_Ps2Interface/delay_100us_count[0]_i_2_n_0 | u_top_vga/u_MouseCtl/Inst_Ps2Interface/clear                        |                4 |             14 |         3.50 |
|  inst/clk100Mhz                  |                                                                     | u_top_vga/u_MouseCtl/reset_timeout_cnt_reg_n_0                      |                6 |             24 |         4.00 |
|  inst/clk100Mhz                  |                                                                     | u_top_vga/u_MouseCtl/reset_periodic_check_cnt__0                    |                9 |             26 |         2.89 |
|  inst/clk100Mhz                  |                                                                     |                                                                     |               23 |             43 |         1.87 |
|  inst/clk100Mhz                  |                                                                     | btnC_IBUF                                                           |               16 |             59 |         3.69 |
|  inst/clk40Mhz                   |                                                                     | btnC_IBUF                                                           |               34 |            100 |         2.94 |
+----------------------------------+---------------------------------------------------------------------+---------------------------------------------------------------------+------------------+----------------+--------------+


