#-----------------------------------------------------------
# Vivado v2021.2 (64-bit)
# SW Build 3367213 on Tue Oct 19 02:47:39 MDT 2021
# IP Build 3369179 on Thu Oct 21 08:25:16 MDT 2021
# Start of session at: Sat May 18 21:59:27 2024
# Process ID: 28302
# Current directory: /home/student/mwalek/Vivado/uec2_lab3_student/fpga
# Command line: vivado -mode tcl -source scripts/generate_bitstream.tcl
# Log file: /home/student/mwalek/Vivado/uec2_lab3_student/fpga/vivado.log
# Journal file: /home/student/mwalek/Vivado/uec2_lab3_student/fpga/vivado.jou
# Running On: cadence28, OS: Linux, CPU Frequency: 3200.390 MHz, CPU Physical cores: 4, Host memory: 16720 MB
#-----------------------------------------------------------
source scripts/generate_bitstream.tcl
# source scripts/project_details.tcl
## set project_name vga_project
## set top_module top_vga_basys3
## set target xc7a35tcpg236-1
## set xdc_files {
##     constraints/top_vga_basys3.xdc
## }
## set sv_files {
##     ../rtl/vga_pkg.sv
##     ../rtl/vga_if.sv \
##     ../rtl/vga_timing.sv
##     ../rtl/draw_bg.sv
##     ../rtl/top_vga.sv
##     ../rtl/draw_rect.sv
##     ../rtl/draw_mouse.sv
##     ../rtl/hold.sv
##     rtl/top_vga_basys3.sv
##     
## 
## }
## set verilog_files {
##         rtl/clk_wiz_0_clk_wiz.v
##  }
## set vhdl_files {
##         ../rtl/MouseCtl.vhd 
##         ../rtl/Ps2Interface.vhd
##         ../rtl/MouseDisplay.vhd
## }
# proc create_new_project {project_name target top_module} {
#     file mkdir build
#     create_project ${project_name} build -part ${target} -force
# 
#     # read files from the variables provided by the project_details.tcl
#     if {[info exists ::xdc_files]}     {read_xdc ${::xdc_files}}
#     if {[info exists ::sv_files]}      {read_verilog -sv ${::sv_files}}
#     if {[info exists ::verilog_files]} {read_verilog ${::verilog_files}}
#     if {[info exists ::vhdl_files]}    {read_vhdl ${::vhdl_files}}
#     if {[info exists ::mem_files]}     {read_mem ${::mem_files}}
# 
#     set_property top ${top_module} [current_fileset]
#     update_compile_order -fileset sources_1
# }
# proc generate_bitstream {} {
#     # Run synthesis
#     reset_run synth_1
#     launch_runs synth_1 -jobs 8
#     wait_on_run synth_1
# 
#     # Run implemenatation up to bitstream generation
#     launch_runs impl_1 -to_step write_bitstream -jobs 8
#     wait_on_run impl_1
# }
# create_new_project $project_name $target $top_module
create_project: Time (s): cpu = 00:00:03 ; elapsed = 00:00:08 . Memory (MB): peak = 2626.410 ; gain = 2.023 ; free physical = 2889 ; free virtual = 17363
# generate_bitstream
WARNING: [Vivado 12-7122] Auto Incremental Compile:: No reference checkpoint was found in run synth_1. Auto-incremental flow will not be run, the standard flow will be run instead.
[Sat May 18 22:00:18 2024] Launched synth_1...
Run output will be captured here: /home/student/mwalek/Vivado/uec2_lab3_student/fpga/build/vga_project.runs/synth_1/runme.log
[Sat May 18 22:00:18 2024] Waiting for synth_1 to finish...

*** Running vivado
    with args -log top_vga_basys3.vds -m64 -product Vivado -mode batch -messageDb vivado.pb -notrace -source top_vga_basys3.tcl


****** Vivado v2021.2 (64-bit)
  **** SW Build 3367213 on Tue Oct 19 02:47:39 MDT 2021
  **** IP Build 3369179 on Thu Oct 21 08:25:16 MDT 2021
    ** Copyright 1986-2021 Xilinx, Inc. All Rights Reserved.

source top_vga_basys3.tcl -notrace
Command: synth_design -top top_vga_basys3 -part xc7a35tcpg236-1
Starting synth_design
Attempting to get a license for feature 'Synthesis' and/or device 'xc7a35t'
INFO: [Common 17-349] Got license for feature 'Synthesis' and/or device 'xc7a35t'
INFO: [Device 21-403] Loading part xc7a35tcpg236-1
INFO: [Synth 8-7079] Multithreading enabled for synth_design using a maximum of 4 processes.
INFO: [Synth 8-7078] Launching helper process for spawning children vivado processes
INFO: [Synth 8-7075] Helper process launched with PID 29082
---------------------------------------------------------------------------------
Starting RTL Elaboration : Time (s): cpu = 00:00:03 ; elapsed = 00:00:04 . Memory (MB): peak = 2717.816 ; gain = 0.000 ; free physical = 914 ; free virtual = 15453
---------------------------------------------------------------------------------
INFO: [Synth 8-6157] synthesizing module 'top_vga_basys3' [/home/student/mwalek/Vivado/uec2_lab3_student/fpga/rtl/top_vga_basys3.sv:17]
INFO: [Synth 8-6157] synthesizing module 'clk_wiz_0_clk_wiz' [/home/student/mwalek/Vivado/uec2_lab3_student/fpga/rtl/clk_wiz_0_clk_wiz.v:69]
INFO: [Synth 8-6157] synthesizing module 'IBUF' [/home_local/Xilinx/Vivado/2021.2/scripts/rt/data/unisim_comp.v:55204]
INFO: [Synth 8-6155] done synthesizing module 'IBUF' (1#1) [/home_local/Xilinx/Vivado/2021.2/scripts/rt/data/unisim_comp.v:55204]
INFO: [Synth 8-6157] synthesizing module 'MMCME2_ADV' [/home_local/Xilinx/Vivado/2021.2/scripts/rt/data/unisim_comp.v:63510]
	Parameter BANDWIDTH bound to: OPTIMIZED - type: string 
	Parameter CLKFBOUT_MULT_F bound to: 10.000000 - type: double 
	Parameter CLKFBOUT_PHASE bound to: 0.000000 - type: double 
	Parameter CLKFBOUT_USE_FINE_PS bound to: FALSE - type: string 
	Parameter CLKIN1_PERIOD bound to: 10.000000 - type: double 
	Parameter CLKOUT0_DIVIDE_F bound to: 10.000000 - type: double 
	Parameter CLKOUT0_DUTY_CYCLE bound to: 0.500000 - type: double 
	Parameter CLKOUT0_PHASE bound to: 0.000000 - type: double 
	Parameter CLKOUT0_USE_FINE_PS bound to: FALSE - type: string 
	Parameter CLKOUT1_DIVIDE bound to: 25 - type: integer 
	Parameter CLKOUT1_DUTY_CYCLE bound to: 0.500000 - type: double 
	Parameter CLKOUT1_PHASE bound to: 0.000000 - type: double 
	Parameter CLKOUT1_USE_FINE_PS bound to: FALSE - type: string 
	Parameter CLKOUT4_CASCADE bound to: FALSE - type: string 
	Parameter COMPENSATION bound to: ZHOLD - type: string 
	Parameter DIVCLK_DIVIDE bound to: 1 - type: integer 
	Parameter STARTUP_WAIT bound to: FALSE - type: string 
INFO: [Synth 8-6155] done synthesizing module 'MMCME2_ADV' (2#1) [/home_local/Xilinx/Vivado/2021.2/scripts/rt/data/unisim_comp.v:63510]
INFO: [Synth 8-6157] synthesizing module 'BUFG' [/home_local/Xilinx/Vivado/2021.2/scripts/rt/data/unisim_comp.v:1083]
INFO: [Synth 8-6155] done synthesizing module 'BUFG' (3#1) [/home_local/Xilinx/Vivado/2021.2/scripts/rt/data/unisim_comp.v:1083]
INFO: [Synth 8-6157] synthesizing module 'BUFGCE' [/home_local/Xilinx/Vivado/2021.2/scripts/rt/data/unisim_comp.v:1093]
INFO: [Synth 8-6155] done synthesizing module 'BUFGCE' (4#1) [/home_local/Xilinx/Vivado/2021.2/scripts/rt/data/unisim_comp.v:1093]
INFO: [Synth 8-6157] synthesizing module 'BUFH' [/home_local/Xilinx/Vivado/2021.2/scripts/rt/data/unisim_comp.v:1319]
INFO: [Synth 8-6155] done synthesizing module 'BUFH' (5#1) [/home_local/Xilinx/Vivado/2021.2/scripts/rt/data/unisim_comp.v:1319]
INFO: [Synth 8-6155] done synthesizing module 'clk_wiz_0_clk_wiz' (6#1) [/home/student/mwalek/Vivado/uec2_lab3_student/fpga/rtl/clk_wiz_0_clk_wiz.v:69]
INFO: [Synth 8-6157] synthesizing module 'ODDR' [/home_local/Xilinx/Vivado/2021.2/scripts/rt/data/unisim_comp.v:74749]
INFO: [Synth 8-6155] done synthesizing module 'ODDR' (7#1) [/home_local/Xilinx/Vivado/2021.2/scripts/rt/data/unisim_comp.v:74749]
INFO: [Synth 8-6157] synthesizing module 'top_vga' [/home/student/mwalek/Vivado/uec2_lab3_student/rtl/top_vga.sv:17]
INFO: [Synth 8-6157] synthesizing module 'vga_if' [/home/student/mwalek/Vivado/uec2_lab3_student/rtl/vga_if.sv:3]
INFO: [Synth 8-6155] done synthesizing module 'vga_if' (7#1) [/home/student/mwalek/Vivado/uec2_lab3_student/rtl/vga_if.sv:3]
INFO: [Synth 8-6157] synthesizing module 'vga_if' [/home/student/mwalek/Vivado/uec2_lab3_student/rtl/vga_if.sv:3]
INFO: [Synth 8-6155] done synthesizing module 'vga_if' (7#1) [/home/student/mwalek/Vivado/uec2_lab3_student/rtl/vga_if.sv:3]
INFO: [Synth 8-6157] synthesizing module 'vga_if' [/home/student/mwalek/Vivado/uec2_lab3_student/rtl/vga_if.sv:3]
INFO: [Synth 8-6155] done synthesizing module 'vga_if' (7#1) [/home/student/mwalek/Vivado/uec2_lab3_student/rtl/vga_if.sv:3]
INFO: [Synth 8-6157] synthesizing module 'vga_if' [/home/student/mwalek/Vivado/uec2_lab3_student/rtl/vga_if.sv:3]
INFO: [Synth 8-6155] done synthesizing module 'vga_if' (7#1) [/home/student/mwalek/Vivado/uec2_lab3_student/rtl/vga_if.sv:3]
INFO: [Synth 8-6157] synthesizing module 'vga_timing' [/home/student/mwalek/Vivado/uec2_lab3_student/rtl/vga_timing.sv:12]
WARNING: [Synth 8-3848] Net vga_tim\.rgb in module/entity vga_timing does not have driver. [/home/student/mwalek/Vivado/uec2_lab3_student/rtl/vga_timing.sv:15]
INFO: [Synth 8-6155] done synthesizing module 'vga_timing' (8#1) [/home/student/mwalek/Vivado/uec2_lab3_student/rtl/vga_timing.sv:12]
INFO: [Synth 8-6157] synthesizing module 'draw_bg' [/home/student/mwalek/Vivado/uec2_lab3_student/rtl/draw_bg.sv:14]
INFO: [Synth 8-6155] done synthesizing module 'draw_bg' (9#1) [/home/student/mwalek/Vivado/uec2_lab3_student/rtl/draw_bg.sv:14]
INFO: [Synth 8-6157] synthesizing module 'draw_rect' [/home/student/mwalek/Vivado/uec2_lab3_student/rtl/draw_rect.sv:13]
INFO: [Synth 8-6155] done synthesizing module 'draw_rect' (10#1) [/home/student/mwalek/Vivado/uec2_lab3_student/rtl/draw_rect.sv:13]
INFO: [Synth 8-638] synthesizing module 'MouseCtl' [/home/student/mwalek/Vivado/uec2_lab3_student/rtl/MouseCtl.vhd:207]
INFO: [Synth 8-3491] module 'Ps2Interface' declared at '/home/student/mwalek/Vivado/uec2_lab3_student/rtl/Ps2Interface.vhd:152' bound to instance 'Inst_Ps2Interface' of component 'Ps2Interface' [/home/student/mwalek/Vivado/uec2_lab3_student/rtl/MouseCtl.vhd:369]
INFO: [Synth 8-638] synthesizing module 'Ps2Interface' [/home/student/mwalek/Vivado/uec2_lab3_student/rtl/Ps2Interface.vhd:180]
INFO: [Synth 8-256] done synthesizing module 'Ps2Interface' (11#1) [/home/student/mwalek/Vivado/uec2_lab3_student/rtl/Ps2Interface.vhd:180]
WARNING: [Synth 8-6014] Unused sequential element set_x.inc_reg was removed.  [/home/student/mwalek/Vivado/uec2_lab3_student/rtl/MouseCtl.vhd:450]
WARNING: [Synth 8-6014] Unused sequential element set_x.x_inter_reg was removed.  [/home/student/mwalek/Vivado/uec2_lab3_student/rtl/MouseCtl.vhd:456]
WARNING: [Synth 8-6014] Unused sequential element set_y.inc_reg was removed.  [/home/student/mwalek/Vivado/uec2_lab3_student/rtl/MouseCtl.vhd:514]
WARNING: [Synth 8-6014] Unused sequential element set_y.y_inter_reg was removed.  [/home/student/mwalek/Vivado/uec2_lab3_student/rtl/MouseCtl.vhd:520]
INFO: [Synth 8-256] done synthesizing module 'MouseCtl' (12#1) [/home/student/mwalek/Vivado/uec2_lab3_student/rtl/MouseCtl.vhd:207]
WARNING: [Synth 8-7071] port 'zpos' of module 'MouseCtl' is unconnected for instance 'u_MouseCtl' [/home/student/mwalek/Vivado/uec2_lab3_student/rtl/top_vga.sv:88]
WARNING: [Synth 8-7071] port 'left' of module 'MouseCtl' is unconnected for instance 'u_MouseCtl' [/home/student/mwalek/Vivado/uec2_lab3_student/rtl/top_vga.sv:88]
WARNING: [Synth 8-7071] port 'middle' of module 'MouseCtl' is unconnected for instance 'u_MouseCtl' [/home/student/mwalek/Vivado/uec2_lab3_student/rtl/top_vga.sv:88]
WARNING: [Synth 8-7071] port 'right' of module 'MouseCtl' is unconnected for instance 'u_MouseCtl' [/home/student/mwalek/Vivado/uec2_lab3_student/rtl/top_vga.sv:88]
WARNING: [Synth 8-7071] port 'new_event' of module 'MouseCtl' is unconnected for instance 'u_MouseCtl' [/home/student/mwalek/Vivado/uec2_lab3_student/rtl/top_vga.sv:88]
WARNING: [Synth 8-7071] port 'value' of module 'MouseCtl' is unconnected for instance 'u_MouseCtl' [/home/student/mwalek/Vivado/uec2_lab3_student/rtl/top_vga.sv:88]
WARNING: [Synth 8-7071] port 'setx' of module 'MouseCtl' is unconnected for instance 'u_MouseCtl' [/home/student/mwalek/Vivado/uec2_lab3_student/rtl/top_vga.sv:88]
WARNING: [Synth 8-7071] port 'sety' of module 'MouseCtl' is unconnected for instance 'u_MouseCtl' [/home/student/mwalek/Vivado/uec2_lab3_student/rtl/top_vga.sv:88]
WARNING: [Synth 8-7071] port 'setmax_x' of module 'MouseCtl' is unconnected for instance 'u_MouseCtl' [/home/student/mwalek/Vivado/uec2_lab3_student/rtl/top_vga.sv:88]
WARNING: [Synth 8-7071] port 'setmax_y' of module 'MouseCtl' is unconnected for instance 'u_MouseCtl' [/home/student/mwalek/Vivado/uec2_lab3_student/rtl/top_vga.sv:88]
WARNING: [Synth 8-7023] instance 'u_MouseCtl' of module 'MouseCtl' has 16 connections declared, but only 6 given [/home/student/mwalek/Vivado/uec2_lab3_student/rtl/top_vga.sv:88]
INFO: [Synth 8-6157] synthesizing module 'draw_mouse' [/home/student/mwalek/Vivado/uec2_lab3_student/rtl/draw_mouse.sv:13]
INFO: [Synth 8-638] synthesizing module 'MouseDisplay' [/home/student/mwalek/Vivado/uec2_lab3_student/rtl/MouseDisplay.vhd:119]
INFO: [Synth 8-256] done synthesizing module 'MouseDisplay' (13#1) [/home/student/mwalek/Vivado/uec2_lab3_student/rtl/MouseDisplay.vhd:119]
WARNING: [Synth 8-3848] Net vga_mouse_out\.vcount in module/entity draw_mouse does not have driver. [/home/student/mwalek/Vivado/uec2_lab3_student/rtl/draw_mouse.sv:20]
WARNING: [Synth 8-3848] Net vga_mouse_out\.vblnk in module/entity draw_mouse does not have driver. [/home/student/mwalek/Vivado/uec2_lab3_student/rtl/draw_mouse.sv:20]
WARNING: [Synth 8-3848] Net vga_mouse_out\.hcount in module/entity draw_mouse does not have driver. [/home/student/mwalek/Vivado/uec2_lab3_student/rtl/draw_mouse.sv:20]
WARNING: [Synth 8-3848] Net vga_mouse_out\.hblnk in module/entity draw_mouse does not have driver. [/home/student/mwalek/Vivado/uec2_lab3_student/rtl/draw_mouse.sv:20]
INFO: [Synth 8-6155] done synthesizing module 'draw_mouse' (14#1) [/home/student/mwalek/Vivado/uec2_lab3_student/rtl/draw_mouse.sv:13]
INFO: [Synth 8-6157] synthesizing module 'hold' [/home/student/mwalek/Vivado/uec2_lab3_student/rtl/hold.sv:13]
INFO: [Synth 8-6155] done synthesizing module 'hold' (15#1) [/home/student/mwalek/Vivado/uec2_lab3_student/rtl/hold.sv:13]
INFO: [Synth 8-6155] done synthesizing module 'top_vga' (16#1) [/home/student/mwalek/Vivado/uec2_lab3_student/rtl/top_vga.sv:17]
INFO: [Synth 8-6155] done synthesizing module 'top_vga_basys3' (17#1) [/home/student/mwalek/Vivado/uec2_lab3_student/fpga/rtl/top_vga_basys3.sv:17]
WARNING: [Synth 8-7129] Port vga_mouse_out\.vcount[10] in module draw_mouse is either unconnected or has no load
WARNING: [Synth 8-7129] Port vga_mouse_out\.vcount[9] in module draw_mouse is either unconnected or has no load
WARNING: [Synth 8-7129] Port vga_mouse_out\.vcount[8] in module draw_mouse is either unconnected or has no load
WARNING: [Synth 8-7129] Port vga_mouse_out\.vcount[7] in module draw_mouse is either unconnected or has no load
WARNING: [Synth 8-7129] Port vga_mouse_out\.vcount[6] in module draw_mouse is either unconnected or has no load
WARNING: [Synth 8-7129] Port vga_mouse_out\.vcount[5] in module draw_mouse is either unconnected or has no load
WARNING: [Synth 8-7129] Port vga_mouse_out\.vcount[4] in module draw_mouse is either unconnected or has no load
WARNING: [Synth 8-7129] Port vga_mouse_out\.vcount[3] in module draw_mouse is either unconnected or has no load
WARNING: [Synth 8-7129] Port vga_mouse_out\.vcount[2] in module draw_mouse is either unconnected or has no load
WARNING: [Synth 8-7129] Port vga_mouse_out\.vcount[1] in module draw_mouse is either unconnected or has no load
WARNING: [Synth 8-7129] Port vga_mouse_out\.vcount[0] in module draw_mouse is either unconnected or has no load
WARNING: [Synth 8-7129] Port vga_mouse_out\.vblnk in module draw_mouse is either unconnected or has no load
WARNING: [Synth 8-7129] Port vga_mouse_out\.hcount[10] in module draw_mouse is either unconnected or has no load
WARNING: [Synth 8-7129] Port vga_mouse_out\.hcount[9] in module draw_mouse is either unconnected or has no load
WARNING: [Synth 8-7129] Port vga_mouse_out\.hcount[8] in module draw_mouse is either unconnected or has no load
WARNING: [Synth 8-7129] Port vga_mouse_out\.hcount[7] in module draw_mouse is either unconnected or has no load
WARNING: [Synth 8-7129] Port vga_mouse_out\.hcount[6] in module draw_mouse is either unconnected or has no load
WARNING: [Synth 8-7129] Port vga_mouse_out\.hcount[5] in module draw_mouse is either unconnected or has no load
WARNING: [Synth 8-7129] Port vga_mouse_out\.hcount[4] in module draw_mouse is either unconnected or has no load
WARNING: [Synth 8-7129] Port vga_mouse_out\.hcount[3] in module draw_mouse is either unconnected or has no load
WARNING: [Synth 8-7129] Port vga_mouse_out\.hcount[2] in module draw_mouse is either unconnected or has no load
WARNING: [Synth 8-7129] Port vga_mouse_out\.hcount[1] in module draw_mouse is either unconnected or has no load
WARNING: [Synth 8-7129] Port vga_mouse_out\.hcount[0] in module draw_mouse is either unconnected or has no load
WARNING: [Synth 8-7129] Port vga_mouse_out\.hblnk in module draw_mouse is either unconnected or has no load
WARNING: [Synth 8-7129] Port vga_bg_in\.rgb[11] in module draw_bg is either unconnected or has no load
WARNING: [Synth 8-7129] Port vga_bg_in\.rgb[10] in module draw_bg is either unconnected or has no load
WARNING: [Synth 8-7129] Port vga_bg_in\.rgb[9] in module draw_bg is either unconnected or has no load
WARNING: [Synth 8-7129] Port vga_bg_in\.rgb[8] in module draw_bg is either unconnected or has no load
WARNING: [Synth 8-7129] Port vga_bg_in\.rgb[7] in module draw_bg is either unconnected or has no load
WARNING: [Synth 8-7129] Port vga_bg_in\.rgb[6] in module draw_bg is either unconnected or has no load
WARNING: [Synth 8-7129] Port vga_bg_in\.rgb[5] in module draw_bg is either unconnected or has no load
WARNING: [Synth 8-7129] Port vga_bg_in\.rgb[4] in module draw_bg is either unconnected or has no load
WARNING: [Synth 8-7129] Port vga_bg_in\.rgb[3] in module draw_bg is either unconnected or has no load
WARNING: [Synth 8-7129] Port vga_bg_in\.rgb[2] in module draw_bg is either unconnected or has no load
WARNING: [Synth 8-7129] Port vga_bg_in\.rgb[1] in module draw_bg is either unconnected or has no load
WARNING: [Synth 8-7129] Port vga_bg_in\.rgb[0] in module draw_bg is either unconnected or has no load
WARNING: [Synth 8-7129] Port vga_tim\.rgb[11] in module vga_timing is either unconnected or has no load
WARNING: [Synth 8-7129] Port vga_tim\.rgb[10] in module vga_timing is either unconnected or has no load
WARNING: [Synth 8-7129] Port vga_tim\.rgb[9] in module vga_timing is either unconnected or has no load
WARNING: [Synth 8-7129] Port vga_tim\.rgb[8] in module vga_timing is either unconnected or has no load
WARNING: [Synth 8-7129] Port vga_tim\.rgb[7] in module vga_timing is either unconnected or has no load
WARNING: [Synth 8-7129] Port vga_tim\.rgb[6] in module vga_timing is either unconnected or has no load
WARNING: [Synth 8-7129] Port vga_tim\.rgb[5] in module vga_timing is either unconnected or has no load
WARNING: [Synth 8-7129] Port vga_tim\.rgb[4] in module vga_timing is either unconnected or has no load
WARNING: [Synth 8-7129] Port vga_tim\.rgb[3] in module vga_timing is either unconnected or has no load
WARNING: [Synth 8-7129] Port vga_tim\.rgb[2] in module vga_timing is either unconnected or has no load
WARNING: [Synth 8-7129] Port vga_tim\.rgb[1] in module vga_timing is either unconnected or has no load
WARNING: [Synth 8-7129] Port vga_tim\.rgb[0] in module vga_timing is either unconnected or has no load
---------------------------------------------------------------------------------
Finished RTL Elaboration : Time (s): cpu = 00:00:04 ; elapsed = 00:00:07 . Memory (MB): peak = 2717.816 ; gain = 0.000 ; free physical = 1887 ; free virtual = 16434
---------------------------------------------------------------------------------
---------------------------------------------------------------------------------
Start Handling Custom Attributes
---------------------------------------------------------------------------------
---------------------------------------------------------------------------------
Finished Handling Custom Attributes : Time (s): cpu = 00:00:05 ; elapsed = 00:00:08 . Memory (MB): peak = 2717.816 ; gain = 0.000 ; free physical = 1870 ; free virtual = 16418
---------------------------------------------------------------------------------
---------------------------------------------------------------------------------
Finished RTL Optimization Phase 1 : Time (s): cpu = 00:00:05 ; elapsed = 00:00:08 . Memory (MB): peak = 2717.816 ; gain = 0.000 ; free physical = 1870 ; free virtual = 16418
---------------------------------------------------------------------------------
Netlist sorting complete. Time (s): cpu = 00:00:00.01 ; elapsed = 00:00:00.01 . Memory (MB): peak = 2717.816 ; gain = 0.000 ; free physical = 1874 ; free virtual = 16422
WARNING: [Netlist 29-345] The value of SIM_DEVICE on instance 'inst/clkout1_buf' of type 'BUFGCE' is 'ULTRASCALE'; it is being changed to match the current FPGA architecture, '7SERIES'. For functional simulation to match hardware behavior, the value of SIM_DEVICE should be changed in the source netlist. 
WARNING: [Netlist 29-345] The value of SIM_DEVICE on instance 'inst/clkout2_buf' of type 'BUFGCE' is 'ULTRASCALE'; it is being changed to match the current FPGA architecture, '7SERIES'. For functional simulation to match hardware behavior, the value of SIM_DEVICE should be changed in the source netlist. 
INFO: [Netlist 29-17] Analyzing 4 Unisim elements for replacement
INFO: [Netlist 29-28] Unisim Transformation completed in 0 CPU seconds
INFO: [Project 1-570] Preparing netlist for logic optimization

Processing XDC Constraints
Initializing timing engine
Parsing XDC File [/home/student/mwalek/Vivado/uec2_lab3_student/fpga/constraints/top_vga_basys3.xdc]
Finished Parsing XDC File [/home/student/mwalek/Vivado/uec2_lab3_student/fpga/constraints/top_vga_basys3.xdc]
INFO: [Project 1-236] Implementation specific constraints were found while reading constraint file [/home/student/mwalek/Vivado/uec2_lab3_student/fpga/constraints/top_vga_basys3.xdc]. These constraints will be ignored for synthesis but will be used in implementation. Impacted constraints are listed in the file [.Xil/top_vga_basys3_propImpl.xdc].
Resolution: To avoid this warning, move constraints listed in [.Xil/top_vga_basys3_propImpl.xdc] to another XDC file and exclude this new file from synthesis with the used_in_synthesis property (File Properties dialog in GUI) and re-run elaboration/synthesis.
INFO: [Timing 38-2] Deriving generated clocks
Completed Processing XDC Constraints

Netlist sorting complete. Time (s): cpu = 00:00:00 ; elapsed = 00:00:00 . Memory (MB): peak = 2781.727 ; gain = 0.000 ; free physical = 1692 ; free virtual = 16256
INFO: [Project 1-111] Unisim Transformation Summary:
  A total of 2 instances were transformed.
  BUFGCE => BUFGCTRL: 2 instances

Constraint Validation Runtime : Time (s): cpu = 00:00:00.01 ; elapsed = 00:00:00.01 . Memory (MB): peak = 2781.727 ; gain = 0.000 ; free physical = 1692 ; free virtual = 16256
---------------------------------------------------------------------------------
Finished Constraint Validation : Time (s): cpu = 00:00:10 ; elapsed = 00:00:15 . Memory (MB): peak = 2781.727 ; gain = 63.910 ; free physical = 1850 ; free virtual = 16413
---------------------------------------------------------------------------------
---------------------------------------------------------------------------------
Start Loading Part and Timing Information
---------------------------------------------------------------------------------
Loading part: xc7a35tcpg236-1
---------------------------------------------------------------------------------
Finished Loading Part and Timing Information : Time (s): cpu = 00:00:10 ; elapsed = 00:00:15 . Memory (MB): peak = 2781.727 ; gain = 63.910 ; free physical = 1839 ; free virtual = 16402
---------------------------------------------------------------------------------
---------------------------------------------------------------------------------
Start Applying 'set_property' XDC Constraints
---------------------------------------------------------------------------------
---------------------------------------------------------------------------------
Finished applying 'set_property' XDC Constraints : Time (s): cpu = 00:00:10 ; elapsed = 00:00:15 . Memory (MB): peak = 2781.727 ; gain = 63.910 ; free physical = 1842 ; free virtual = 16406
---------------------------------------------------------------------------------
INFO: [Synth 8-802] inferred FSM for state register 'state_reg' in module 'Ps2Interface'
INFO: [Synth 8-802] inferred FSM for state register 'state_reg' in module 'MouseCtl'
---------------------------------------------------------------------------------------------------
                   State |                     New Encoding |                Previous Encoding 
---------------------------------------------------------------------------------------------------
                    idle |                00000000000000001 |                            00000
            rx_down_edge |                00000000000000010 |                            00011
                rx_clk_l |                00000000000000100 |                            00010
                rx_clk_h |                00000000000001000 |                            00001
         rx_error_parity |                00000000000010000 |                            00100
           rx_data_ready |                00000000000100000 |                            00101
          tx_force_clk_l |                00000000001000000 |                            00110
      tx_bring_data_down |                00000000010000000 |                            00111
          tx_release_clk |                00000000100000000 |                            01000
 tx_first_wait_down_edge |                00000001000000000 |                            01001
                tx_clk_l |                00000010000000000 |                            01010
         tx_wait_up_edge |                00000100000000000 |                            01011
tx_wait_up_edge_before_ack |                00001000000000000 |                            01101
             tx_wait_ack |                00010000000000000 |                            01110
         tx_received_ack |                00100000000000000 |                            01111
         tx_error_no_ack |                01000000000000000 |                            10000
                tx_clk_h |                10000000000000000 |                            01100
---------------------------------------------------------------------------------------------------
INFO: [Synth 8-3354] encoded FSM with state register 'state_reg' using encoding 'one-hot' in module 'Ps2Interface'
---------------------------------------------------------------------------------------------------
                   State |                     New Encoding |                Previous Encoding 
---------------------------------------------------------------------------------------------------
                   reset | 0000000000000000000000000000000000001 |                           000000
          reset_wait_ack | 0000000000000000000000000000000000010 |                           000001
reset_wait_bat_completion | 0000000000000000000000000000000000100 |                           000010
           reset_wait_id | 0000000000000000000000000000000001000 |                           000011
reset_set_sample_rate_200 | 0000000000000000000000000000000010000 |                           000100
reset_set_sample_rate_200_wait_ack | 0000000000000000000000000000000100000 |                           000101
reset_send_sample_rate_200 | 0000000000000000000000000000001000000 |                           000110
reset_send_sample_rate_200_wait_ack | 0000000000000000000000000000010000000 |                           000111
reset_set_sample_rate_100 | 0000000000000000000000000000100000000 |                           001000
reset_set_sample_rate_100_wait_ack | 0000000000000000000000000001000000000 |                           001001
reset_send_sample_rate_100 | 0000000000000000000000000010000000000 |                           001010
reset_send_sample_rate_100_wait_ack | 0000000000000000000000000100000000000 |                           001011
reset_set_sample_rate_80 | 0000000000000000000000001000000000000 |                           001100
reset_set_sample_rate_80_wait_ack | 0000000000000000000000010000000000000 |                           001101
reset_send_sample_rate_80 | 0000000000000000000000100000000000000 |                           001110
reset_send_sample_rate_80_wait_ack | 0000000000000000000001000000000000000 |                           001111
           reset_read_id | 0000000000000000000010000000000000000 |                           010000
  reset_read_id_wait_ack | 0000000000000000000100000000000000000 |                           010001
   reset_read_id_wait_id | 0000000000000000001000000000000000000 |                           010010
    reset_set_resolution | 0000000000000000010000000000000000000 |                           010011
reset_set_resolution_wait_ack | 0000000000000000100000000000000000000 |                           010100
   reset_send_resolution | 0000000000000001000000000000000000000 |                           010101
reset_send_resolution_wait_ack | 0000000000000010000000000000000000000 |                           010110
reset_set_sample_rate_40 | 0000000000000100000000000000000000000 |                           010111
reset_set_sample_rate_40_wait_ack | 0000000000001000000000000000000000000 |                           011000
reset_send_sample_rate_40 | 0000000000010000000000000000000000000 |                           011001
reset_send_sample_rate_40_wait_ack | 0000000000100000000000000000000000000 |                           011010
  reset_enable_reporting | 0000000001000000000000000000000000000 |                           011011
reset_enable_reporting_wait_ack | 0000000010000000000000000000000000000 |                           011100
             read_byte_1 | 0000000100000000000000000000000000000 |                           011101
             read_byte_2 | 0000001000000000000000000000000000000 |                           011110
             read_byte_3 | 0000010000000000000000000000000000000 |                           011111
             read_byte_4 | 0000100000000000000000000000000000000 |                           100000
          mark_new_event | 0001000000000000000000000000000000000 |                           100100
           check_read_id | 0010000000000000000000000000000000000 |                           100001
  check_read_id_wait_ack | 0100000000000000000000000000000000000 |                           100010
   check_read_id_wait_id | 1000000000000000000000000000000000000 |                           100011
---------------------------------------------------------------------------------------------------
INFO: [Synth 8-3354] encoded FSM with state register 'state_reg' using encoding 'one-hot' in module 'MouseCtl'
---------------------------------------------------------------------------------
Finished RTL Optimization Phase 2 : Time (s): cpu = 00:00:11 ; elapsed = 00:00:17 . Memory (MB): peak = 2781.727 ; gain = 63.910 ; free physical = 1837 ; free virtual = 16406
---------------------------------------------------------------------------------
---------------------------------------------------------------------------------
Start RTL Component Statistics 
---------------------------------------------------------------------------------
Detailed RTL Component Info : 
+---Adders : 
	   2 Input   26 Bit       Adders := 1     
	   2 Input   24 Bit       Adders := 1     
	   2 Input   13 Bit       Adders := 2     
	   3 Input   13 Bit       Adders := 2     
	   2 Input   12 Bit       Adders := 6     
	   2 Input   11 Bit       Adders := 3     
	   2 Input    8 Bit       Adders := 1     
	   2 Input    7 Bit       Adders := 1     
	   2 Input    4 Bit       Adders := 3     
	   3 Input    4 Bit       Adders := 2     
+---Registers : 
	               26 Bit    Registers := 1     
	               24 Bit    Registers := 1     
	               12 Bit    Registers := 11    
	               11 Bit    Registers := 8     
	                8 Bit    Registers := 6     
	                7 Bit    Registers := 1     
	                4 Bit    Registers := 4     
	                1 Bit    Registers := 49    
+---Muxes : 
	  37 Input   37 Bit        Muxes := 1     
	   2 Input   37 Bit        Muxes := 69    
	   2 Input   26 Bit        Muxes := 1     
	   2 Input   24 Bit        Muxes := 1     
	  17 Input   17 Bit        Muxes := 1     
	   2 Input   17 Bit        Muxes := 18    
	  13 Input   12 Bit        Muxes := 1     
	   3 Input   12 Bit        Muxes := 2     
	   2 Input   12 Bit        Muxes := 16    
	   2 Input   11 Bit        Muxes := 4     
	   2 Input    9 Bit        Muxes := 2     
	  37 Input    8 Bit        Muxes := 3     
	  37 Input    4 Bit        Muxes := 1     
	   3 Input    2 Bit        Muxes := 2     
	   2 Input    1 Bit        Muxes := 6     
	  17 Input    1 Bit        Muxes := 4     
	  37 Input    1 Bit        Muxes := 20    
---------------------------------------------------------------------------------
Finished RTL Component Statistics 
---------------------------------------------------------------------------------
---------------------------------------------------------------------------------
Start Part Resource Summary
---------------------------------------------------------------------------------
Part Resources:
DSPs: 90 (col length:60)
BRAMs: 100 (col length: RAMB18 60 RAMB36 30)
---------------------------------------------------------------------------------
Finished Part Resource Summary
---------------------------------------------------------------------------------
---------------------------------------------------------------------------------
Start Cross Boundary and Area Optimization
---------------------------------------------------------------------------------
WARNING: [Synth 8-7080] Parallel synthesis criteria is not met
WARNING: [Synth 8-7129] Port vga_mouse_out\.vcount[10] in module draw_mouse is either unconnected or has no load
WARNING: [Synth 8-7129] Port vga_mouse_out\.vcount[9] in module draw_mouse is either unconnected or has no load
WARNING: [Synth 8-7129] Port vga_mouse_out\.vcount[8] in module draw_mouse is either unconnected or has no load
WARNING: [Synth 8-7129] Port vga_mouse_out\.vcount[7] in module draw_mouse is either unconnected or has no load
WARNING: [Synth 8-7129] Port vga_mouse_out\.vcount[6] in module draw_mouse is either unconnected or has no load
WARNING: [Synth 8-7129] Port vga_mouse_out\.vcount[5] in module draw_mouse is either unconnected or has no load
WARNING: [Synth 8-7129] Port vga_mouse_out\.vcount[4] in module draw_mouse is either unconnected or has no load
WARNING: [Synth 8-7129] Port vga_mouse_out\.vcount[3] in module draw_mouse is either unconnected or has no load
WARNING: [Synth 8-7129] Port vga_mouse_out\.vcount[2] in module draw_mouse is either unconnected or has no load
WARNING: [Synth 8-7129] Port vga_mouse_out\.vcount[1] in module draw_mouse is either unconnected or has no load
WARNING: [Synth 8-7129] Port vga_mouse_out\.vcount[0] in module draw_mouse is either unconnected or has no load
WARNING: [Synth 8-7129] Port vga_mouse_out\.vblnk in module draw_mouse is either unconnected or has no load
WARNING: [Synth 8-7129] Port vga_mouse_out\.hcount[10] in module draw_mouse is either unconnected or has no load
WARNING: [Synth 8-7129] Port vga_mouse_out\.hcount[9] in module draw_mouse is either unconnected or has no load
WARNING: [Synth 8-7129] Port vga_mouse_out\.hcount[8] in module draw_mouse is either unconnected or has no load
WARNING: [Synth 8-7129] Port vga_mouse_out\.hcount[7] in module draw_mouse is either unconnected or has no load
WARNING: [Synth 8-7129] Port vga_mouse_out\.hcount[6] in module draw_mouse is either unconnected or has no load
WARNING: [Synth 8-7129] Port vga_mouse_out\.hcount[5] in module draw_mouse is either unconnected or has no load
WARNING: [Synth 8-7129] Port vga_mouse_out\.hcount[4] in module draw_mouse is either unconnected or has no load
WARNING: [Synth 8-7129] Port vga_mouse_out\.hcount[3] in module draw_mouse is either unconnected or has no load
WARNING: [Synth 8-7129] Port vga_mouse_out\.hcount[2] in module draw_mouse is either unconnected or has no load
WARNING: [Synth 8-7129] Port vga_mouse_out\.hcount[1] in module draw_mouse is either unconnected or has no load
WARNING: [Synth 8-7129] Port vga_mouse_out\.hcount[0] in module draw_mouse is either unconnected or has no load
WARNING: [Synth 8-7129] Port vga_mouse_out\.hblnk in module draw_mouse is either unconnected or has no load
WARNING: [Synth 8-7129] Port vga_bg_in\.rgb[11] in module draw_bg is either unconnected or has no load
WARNING: [Synth 8-7129] Port vga_bg_in\.rgb[10] in module draw_bg is either unconnected or has no load
WARNING: [Synth 8-7129] Port vga_bg_in\.rgb[9] in module draw_bg is either unconnected or has no load
WARNING: [Synth 8-7129] Port vga_bg_in\.rgb[8] in module draw_bg is either unconnected or has no load
WARNING: [Synth 8-7129] Port vga_bg_in\.rgb[7] in module draw_bg is either unconnected or has no load
WARNING: [Synth 8-7129] Port vga_bg_in\.rgb[6] in module draw_bg is either unconnected or has no load
WARNING: [Synth 8-7129] Port vga_bg_in\.rgb[5] in module draw_bg is either unconnected or has no load
WARNING: [Synth 8-7129] Port vga_bg_in\.rgb[4] in module draw_bg is either unconnected or has no load
WARNING: [Synth 8-7129] Port vga_bg_in\.rgb[3] in module draw_bg is either unconnected or has no load
WARNING: [Synth 8-7129] Port vga_bg_in\.rgb[2] in module draw_bg is either unconnected or has no load
WARNING: [Synth 8-7129] Port vga_bg_in\.rgb[1] in module draw_bg is either unconnected or has no load
WARNING: [Synth 8-7129] Port vga_bg_in\.rgb[0] in module draw_bg is either unconnected or has no load
WARNING: [Synth 8-7129] Port vga_tim\.rgb[11] in module vga_timing is either unconnected or has no load
WARNING: [Synth 8-7129] Port vga_tim\.rgb[10] in module vga_timing is either unconnected or has no load
WARNING: [Synth 8-7129] Port vga_tim\.rgb[9] in module vga_timing is either unconnected or has no load
WARNING: [Synth 8-7129] Port vga_tim\.rgb[8] in module vga_timing is either unconnected or has no load
WARNING: [Synth 8-7129] Port vga_tim\.rgb[7] in module vga_timing is either unconnected or has no load
WARNING: [Synth 8-7129] Port vga_tim\.rgb[6] in module vga_timing is either unconnected or has no load
WARNING: [Synth 8-7129] Port vga_tim\.rgb[5] in module vga_timing is either unconnected or has no load
WARNING: [Synth 8-7129] Port vga_tim\.rgb[4] in module vga_timing is either unconnected or has no load
WARNING: [Synth 8-7129] Port vga_tim\.rgb[3] in module vga_timing is either unconnected or has no load
WARNING: [Synth 8-7129] Port vga_tim\.rgb[2] in module vga_timing is either unconnected or has no load
WARNING: [Synth 8-7129] Port vga_tim\.rgb[1] in module vga_timing is either unconnected or has no load
WARNING: [Synth 8-7129] Port vga_tim\.rgb[0] in module vga_timing is either unconnected or has no load
---------------------------------------------------------------------------------
Finished Cross Boundary and Area Optimization : Time (s): cpu = 00:00:14 ; elapsed = 00:00:20 . Memory (MB): peak = 2781.727 ; gain = 63.910 ; free physical = 1814 ; free virtual = 16392
---------------------------------------------------------------------------------
---------------------------------------------------------------------------------
Start ROM, RAM, DSP, Shift Register and Retiming Reporting
---------------------------------------------------------------------------------

ROM: Preliminary Mapping Report
+-------------+------------------+---------------+----------------+
|Module Name  | RTL Object       | Depth x Width | Implemented As | 
+-------------+------------------+---------------+----------------+
|MouseDisplay | mouserom[0]      | 256x2         | LUT            | 
|draw_mouse   | inst/mouserom[0] | 256x2         | LUT            | 
+-------------+------------------+---------------+----------------+

---------------------------------------------------------------------------------
Finished ROM, RAM, DSP, Shift Register and Retiming Reporting
---------------------------------------------------------------------------------
---------------------------------------------------------------------------------
Start Applying XDC Timing Constraints
---------------------------------------------------------------------------------
---------------------------------------------------------------------------------
Finished Applying XDC Timing Constraints : Time (s): cpu = 00:00:18 ; elapsed = 00:00:25 . Memory (MB): peak = 2781.727 ; gain = 63.910 ; free physical = 1686 ; free virtual = 16271
---------------------------------------------------------------------------------
---------------------------------------------------------------------------------
Start Timing Optimization
---------------------------------------------------------------------------------
---------------------------------------------------------------------------------
Finished Timing Optimization : Time (s): cpu = 00:00:18 ; elapsed = 00:00:25 . Memory (MB): peak = 2781.727 ; gain = 63.910 ; free physical = 1685 ; free virtual = 16270
---------------------------------------------------------------------------------
---------------------------------------------------------------------------------
Start Technology Mapping
---------------------------------------------------------------------------------
---------------------------------------------------------------------------------
Finished Technology Mapping : Time (s): cpu = 00:00:19 ; elapsed = 00:00:25 . Memory (MB): peak = 2781.727 ; gain = 63.910 ; free physical = 1683 ; free virtual = 16268
---------------------------------------------------------------------------------
---------------------------------------------------------------------------------
Start IO Insertion
---------------------------------------------------------------------------------
---------------------------------------------------------------------------------
Start Flattening Before IO Insertion
---------------------------------------------------------------------------------
---------------------------------------------------------------------------------
Finished Flattening Before IO Insertion
---------------------------------------------------------------------------------
---------------------------------------------------------------------------------
Start Final Netlist Cleanup
---------------------------------------------------------------------------------
---------------------------------------------------------------------------------
Finished Final Netlist Cleanup
---------------------------------------------------------------------------------
---------------------------------------------------------------------------------
Finished IO Insertion : Time (s): cpu = 00:00:22 ; elapsed = 00:00:28 . Memory (MB): peak = 2781.727 ; gain = 63.910 ; free physical = 1683 ; free virtual = 16268
---------------------------------------------------------------------------------
---------------------------------------------------------------------------------
Start Renaming Generated Instances
---------------------------------------------------------------------------------
---------------------------------------------------------------------------------
Finished Renaming Generated Instances : Time (s): cpu = 00:00:22 ; elapsed = 00:00:28 . Memory (MB): peak = 2781.727 ; gain = 63.910 ; free physical = 1683 ; free virtual = 16268
---------------------------------------------------------------------------------
---------------------------------------------------------------------------------
Start Rebuilding User Hierarchy
---------------------------------------------------------------------------------
---------------------------------------------------------------------------------
Finished Rebuilding User Hierarchy : Time (s): cpu = 00:00:22 ; elapsed = 00:00:28 . Memory (MB): peak = 2781.727 ; gain = 63.910 ; free physical = 1683 ; free virtual = 16268
---------------------------------------------------------------------------------
---------------------------------------------------------------------------------
Start Renaming Generated Ports
---------------------------------------------------------------------------------
---------------------------------------------------------------------------------
Finished Renaming Generated Ports : Time (s): cpu = 00:00:22 ; elapsed = 00:00:28 . Memory (MB): peak = 2781.727 ; gain = 63.910 ; free physical = 1683 ; free virtual = 16268
---------------------------------------------------------------------------------
---------------------------------------------------------------------------------
Start Handling Custom Attributes
---------------------------------------------------------------------------------
---------------------------------------------------------------------------------
Finished Handling Custom Attributes : Time (s): cpu = 00:00:22 ; elapsed = 00:00:28 . Memory (MB): peak = 2781.727 ; gain = 63.910 ; free physical = 1683 ; free virtual = 16268
---------------------------------------------------------------------------------
---------------------------------------------------------------------------------
Start Renaming Generated Nets
---------------------------------------------------------------------------------
---------------------------------------------------------------------------------
Finished Renaming Generated Nets : Time (s): cpu = 00:00:22 ; elapsed = 00:00:28 . Memory (MB): peak = 2781.727 ; gain = 63.910 ; free physical = 1683 ; free virtual = 16268
---------------------------------------------------------------------------------
---------------------------------------------------------------------------------
Start ROM, RAM, DSP, Shift Register and Retiming Reporting
---------------------------------------------------------------------------------

Static Shift Register Report:
+---------------+-------------------------------------------------+--------+-------+--------------+--------------------+-------------------+--------+---------+
|Module Name    | RTL Name                                        | Length | Width | Reset Signal | Pull out first Reg | Pull out last Reg | SRL16E | SRLC32E | 
+---------------+-------------------------------------------------+--------+-------+--------------+--------------------+-------------------+--------+---------+
|top_vga_basys3 | u_top_vga/u_draw_mouse/vga_mouse_out\.vsync_reg | 4      | 1     | YES          | NO                 | YES               | 1      | 0       | 
|top_vga_basys3 | u_top_vga/u_draw_mouse/vga_mouse_out\.hsync_reg | 4      | 1     | YES          | NO                 | YES               | 1      | 0       | 
+---------------+-------------------------------------------------+--------+-------+--------------+--------------------+-------------------+--------+---------+

---------------------------------------------------------------------------------
Finished ROM, RAM, DSP, Shift Register and Retiming Reporting
---------------------------------------------------------------------------------
---------------------------------------------------------------------------------
Start Writing Synthesis Report
---------------------------------------------------------------------------------

Report BlackBoxes: 
+-+--------------+----------+
| |BlackBox name |Instances |
+-+--------------+----------+
+-+--------------+----------+

Report Cell Usage: 
+------+-----------+------+
|      |Cell       |Count |
+------+-----------+------+
|1     |BUFG       |     1|
|2     |BUFGCE     |     2|
|3     |BUFH       |     2|
|4     |CARRY4     |    61|
|5     |LUT1       |    35|
|6     |LUT2       |   147|
|7     |LUT3       |    89|
|8     |LUT4       |   138|
|9     |LUT5       |    71|
|10    |LUT6       |   148|
|11    |MMCME2_ADV |     1|
|12    |MUXF7      |     4|
|13    |MUXF8      |     2|
|14    |ODDR       |     1|
|15    |SRL16E     |     2|
|16    |FDCE       |    75|
|17    |FDPE       |     4|
|18    |FDRE       |   315|
|19    |FDSE       |     6|
|20    |IBUF       |     2|
|21    |IOBUF      |     2|
|22    |OBUF       |    15|
+------+-----------+------+
---------------------------------------------------------------------------------
Finished Writing Synthesis Report : Time (s): cpu = 00:00:22 ; elapsed = 00:00:28 . Memory (MB): peak = 2781.727 ; gain = 63.910 ; free physical = 1684 ; free virtual = 16269
---------------------------------------------------------------------------------
Synthesis finished with 0 errors, 0 critical warnings and 49 warnings.
Synthesis Optimization Runtime : Time (s): cpu = 00:00:20 ; elapsed = 00:00:26 . Memory (MB): peak = 2781.727 ; gain = 0.000 ; free physical = 1737 ; free virtual = 16322
Synthesis Optimization Complete : Time (s): cpu = 00:00:22 ; elapsed = 00:00:28 . Memory (MB): peak = 2781.727 ; gain = 63.910 ; free physical = 1737 ; free virtual = 16323
INFO: [Project 1-571] Translating synthesized netlist
Netlist sorting complete. Time (s): cpu = 00:00:00.01 ; elapsed = 00:00:00.01 . Memory (MB): peak = 2781.727 ; gain = 0.000 ; free physical = 1730 ; free virtual = 16316
WARNING: [Netlist 29-345] The value of SIM_DEVICE on instance 'inst/clkout1_buf' of type 'BUFGCE' is 'ULTRASCALE'; it is being changed to match the current FPGA architecture, '7SERIES'. For functional simulation to match hardware behavior, the value of SIM_DEVICE should be changed in the source netlist. 
WARNING: [Netlist 29-345] The value of SIM_DEVICE on instance 'inst/clkout2_buf' of type 'BUFGCE' is 'ULTRASCALE'; it is being changed to match the current FPGA architecture, '7SERIES'. For functional simulation to match hardware behavior, the value of SIM_DEVICE should be changed in the source netlist. 
INFO: [Netlist 29-17] Analyzing 73 Unisim elements for replacement
INFO: [Netlist 29-28] Unisim Transformation completed in 0 CPU seconds
INFO: [Project 1-570] Preparing netlist for logic optimization
INFO: [Opt 31-138] Pushed 0 inverter(s) to 0 load pin(s).
Netlist sorting complete. Time (s): cpu = 00:00:00 ; elapsed = 00:00:00 . Memory (MB): peak = 2781.727 ; gain = 0.000 ; free physical = 1761 ; free virtual = 16349
INFO: [Project 1-111] Unisim Transformation Summary:
  A total of 4 instances were transformed.
  BUFGCE => BUFGCTRL: 2 instances
  IOBUF => IOBUF (IBUF, OBUFT): 2 instances

Synth Design complete, checksum: db53bc59
INFO: [Common 17-83] Releasing license: Synthesis
65 Infos, 121 Warnings, 0 Critical Warnings and 0 Errors encountered.
synth_design completed successfully
synth_design: Time (s): cpu = 00:00:30 ; elapsed = 00:00:34 . Memory (MB): peak = 2781.727 ; gain = 64.031 ; free physical = 1964 ; free virtual = 16552
INFO: [Common 17-1381] The checkpoint '/home/student/mwalek/Vivado/uec2_lab3_student/fpga/build/vga_project.runs/synth_1/top_vga_basys3.dcp' has been generated.
INFO: [runtcl-4] Executing : report_utilization -file top_vga_basys3_utilization_synth.rpt -pb top_vga_basys3_utilization_synth.pb
INFO: [Common 17-206] Exiting Vivado at Sat May 18 22:01:04 2024...
[Sat May 18 22:01:15 2024] synth_1 finished
wait_on_runs: Time (s): cpu = 00:00:44 ; elapsed = 00:00:57 . Memory (MB): peak = 2626.527 ; gain = 0.000 ; free physical = 2775 ; free virtual = 17358
[Sat May 18 22:01:15 2024] Launched impl_1...
Run output will be captured here: /home/student/mwalek/Vivado/uec2_lab3_student/fpga/build/vga_project.runs/impl_1/runme.log
[Sat May 18 22:01:15 2024] Waiting for impl_1 to finish...

*** Running vivado
    with args -log top_vga_basys3.vdi -applog -m64 -product Vivado -messageDb vivado.pb -mode batch -source top_vga_basys3.tcl -notrace


****** Vivado v2021.2 (64-bit)
  **** SW Build 3367213 on Tue Oct 19 02:47:39 MDT 2021
  **** IP Build 3369179 on Thu Oct 21 08:25:16 MDT 2021
    ** Copyright 1986-2021 Xilinx, Inc. All Rights Reserved.

source top_vga_basys3.tcl -notrace
Command: link_design -top top_vga_basys3 -part xc7a35tcpg236-1
Design is defaulting to srcset: sources_1
Design is defaulting to constrset: constrs_1
INFO: [Device 21-403] Loading part xc7a35tcpg236-1
Netlist sorting complete. Time (s): cpu = 00:00:00 ; elapsed = 00:00:00 . Memory (MB): peak = 2715.816 ; gain = 0.000 ; free physical = 2208 ; free virtual = 16793
INFO: [Netlist 29-17] Analyzing 71 Unisim elements for replacement
INFO: [Netlist 29-28] Unisim Transformation completed in 0 CPU seconds
INFO: [Project 1-479] Netlist was created with Vivado 2021.2
INFO: [Project 1-570] Preparing netlist for logic optimization
Parsing XDC File [/home/student/mwalek/Vivado/uec2_lab3_student/fpga/constraints/top_vga_basys3.xdc]
INFO: [Timing 38-35] Done setting XDC timing constraints. [/home/student/mwalek/Vivado/uec2_lab3_student/fpga/constraints/top_vga_basys3.xdc:11]
INFO: [Timing 38-2] Deriving generated clocks [/home/student/mwalek/Vivado/uec2_lab3_student/fpga/constraints/top_vga_basys3.xdc:11]
get_clocks: Time (s): cpu = 00:00:05 ; elapsed = 00:00:06 . Memory (MB): peak = 2848.629 ; gain = 76.906 ; free physical = 1621 ; free virtual = 16221
Finished Parsing XDC File [/home/student/mwalek/Vivado/uec2_lab3_student/fpga/constraints/top_vga_basys3.xdc]
INFO: [Opt 31-138] Pushed 0 inverter(s) to 0 load pin(s).
Netlist sorting complete. Time (s): cpu = 00:00:00 ; elapsed = 00:00:00 . Memory (MB): peak = 2848.633 ; gain = 0.000 ; free physical = 1712 ; free virtual = 16312
INFO: [Project 1-111] Unisim Transformation Summary:
  A total of 2 instances were transformed.
  IOBUF => IOBUF (IBUF, OBUFT): 2 instances

9 Infos, 0 Warnings, 0 Critical Warnings and 0 Errors encountered.
link_design completed successfully
link_design: Time (s): cpu = 00:00:09 ; elapsed = 00:00:11 . Memory (MB): peak = 2848.633 ; gain = 132.934 ; free physical = 1712 ; free virtual = 16312
Command: opt_design
Attempting to get a license for feature 'Implementation' and/or device 'xc7a35t'
INFO: [Common 17-349] Got license for feature 'Implementation' and/or device 'xc7a35t'
Running DRC as a precondition to command opt_design

Starting DRC Task
INFO: [DRC 23-27] Running DRC with 8 threads
INFO: [Project 1-461] DRC finished with 0 Errors
INFO: [Project 1-462] Please refer to the DRC report (report_drc) for more information.

Time (s): cpu = 00:00:01 ; elapsed = 00:00:00.90 . Memory (MB): peak = 2912.660 ; gain = 64.027 ; free physical = 1702 ; free virtual = 16303

Starting Cache Timing Information Task
INFO: [Timing 38-35] Done setting XDC timing constraints.
Ending Cache Timing Information Task | Checksum: 1b06a4554

Time (s): cpu = 00:00:00.06 ; elapsed = 00:00:00.02 . Memory (MB): peak = 2912.660 ; gain = 0.000 ; free physical = 1698 ; free virtual = 16299

Starting Logic Optimization Task

Phase 1 Retarget
INFO: [Opt 31-1287] Pulled Inverter u_top_vga/u_MouseCtl/Inst_Ps2Interface/ps2_clk_h_inv_i_1 into driver instance u_top_vga/u_MouseCtl/Inst_Ps2Interface/ps2_clk_h_inv_i_2, which resulted in an inversion of 1 pins
INFO: [Opt 31-1287] Pulled Inverter u_top_vga/u_MouseCtl/Inst_Ps2Interface/ps2_data_h_inv_i_1 into driver instance u_top_vga/u_MouseCtl/Inst_Ps2Interface/ps2_data_h_inv_i_2, which resulted in an inversion of 1 pins
INFO: [Opt 31-1287] Pulled Inverter u_top_vga/u_vga_timing/vga_tim\\.vcount[2]_i_1 into driver instance u_top_vga/u_vga_timing/vga_tim\\.vcount[2]_i_2, which resulted in an inversion of 3 pins
INFO: [Opt 31-1287] Pulled Inverter u_top_vga/u_vga_timing/vga_tim\\.vcount[5]_i_1 into driver instance u_top_vga/u_vga_timing/vga_tim\\.vcount[5]_i_2, which resulted in an inversion of 2 pins
INFO: [Opt 31-1287] Pulled Inverter u_top_vga/u_vga_timing/vga_tim\\.vcount[6]_i_1 into driver instance u_top_vga/u_vga_timing/vga_tim\\.vcount[6]_i_2, which resulted in an inversion of 2 pins
INFO: [Opt 31-138] Pushed 0 inverter(s) to 0 load pin(s).
INFO: [Opt 31-49] Retargeted 0 cell(s).
Phase 1 Retarget | Checksum: 22fba2f57

Time (s): cpu = 00:00:00.09 ; elapsed = 00:00:00.10 . Memory (MB): peak = 3121.660 ; gain = 0.004 ; free physical = 1468 ; free virtual = 16069
INFO: [Opt 31-389] Phase Retarget created 0 cells and removed 5 cells
INFO: [Opt 31-1021] In phase Retarget, 1 netlist objects are constrained preventing optimization. Please run opt_design with -debug_log to get more detail. 

Phase 2 Constant propagation
INFO: [Opt 31-138] Pushed 0 inverter(s) to 0 load pin(s).
Phase 2 Constant propagation | Checksum: 224c4eee4

Time (s): cpu = 00:00:00.10 ; elapsed = 00:00:00.11 . Memory (MB): peak = 3121.660 ; gain = 0.004 ; free physical = 1468 ; free virtual = 16069
INFO: [Opt 31-389] Phase Constant propagation created 0 cells and removed 2 cells

Phase 3 Sweep
Phase 3 Sweep | Checksum: 28033690a

Time (s): cpu = 00:00:00.11 ; elapsed = 00:00:00.13 . Memory (MB): peak = 3121.660 ; gain = 0.004 ; free physical = 1468 ; free virtual = 16069
INFO: [Opt 31-389] Phase Sweep created 6 cells and removed 0 cells

Phase 4 BUFG optimization
Phase 4 BUFG optimization | Checksum: 1a1bf1536

Time (s): cpu = 00:00:00.12 ; elapsed = 00:00:00.15 . Memory (MB): peak = 3121.660 ; gain = 0.004 ; free physical = 1468 ; free virtual = 16069
INFO: [Opt 31-662] Phase BUFG optimization created 0 cells of which 0 are BUFGs and removed 0 cells.

Phase 5 Shift Register Optimization
INFO: [Opt 31-1064] SRL Remap converted 0 SRLs to 0 registers and converted 0 registers of register chains to 0 SRLs
Phase 5 Shift Register Optimization | Checksum: 1a1bf1536

Time (s): cpu = 00:00:00.12 ; elapsed = 00:00:00.15 . Memory (MB): peak = 3121.660 ; gain = 0.004 ; free physical = 1468 ; free virtual = 16069
INFO: [Opt 31-389] Phase Shift Register Optimization created 0 cells and removed 0 cells

Phase 6 Post Processing Netlist
Phase 6 Post Processing Netlist | Checksum: 19338dede

Time (s): cpu = 00:00:00.13 ; elapsed = 00:00:00.16 . Memory (MB): peak = 3121.660 ; gain = 0.004 ; free physical = 1468 ; free virtual = 16069
INFO: [Opt 31-389] Phase Post Processing Netlist created 0 cells and removed 0 cells
Opt_design Change Summary
=========================


-------------------------------------------------------------------------------------------------------------------------
|  Phase                        |  #Cells created  |  #Cells Removed  |  #Constrained objects preventing optimizations  |
-------------------------------------------------------------------------------------------------------------------------
|  Retarget                     |               0  |               5  |                                              1  |
|  Constant propagation         |               0  |               2  |                                              0  |
|  Sweep                        |               6  |               0  |                                              0  |
|  BUFG optimization            |               0  |               0  |                                              0  |
|  Shift Register Optimization  |               0  |               0  |                                              0  |
|  Post Processing Netlist      |               0  |               0  |                                              0  |
-------------------------------------------------------------------------------------------------------------------------



Starting Connectivity Check Task

Time (s): cpu = 00:00:00 ; elapsed = 00:00:00.01 . Memory (MB): peak = 3121.660 ; gain = 0.000 ; free physical = 1468 ; free virtual = 16069
Ending Logic Optimization Task | Checksum: 19b3a6f99

Time (s): cpu = 00:00:00.15 ; elapsed = 00:00:00.20 . Memory (MB): peak = 3121.660 ; gain = 0.004 ; free physical = 1468 ; free virtual = 16069

Starting Power Optimization Task
INFO: [Pwropt 34-132] Skipping clock gating for clocks with a period < 2.00 ns.
Ending Power Optimization Task | Checksum: 19b3a6f99

Time (s): cpu = 00:00:00.01 ; elapsed = 00:00:00.02 . Memory (MB): peak = 3121.660 ; gain = 0.000 ; free physical = 1468 ; free virtual = 16069

Starting Final Cleanup Task
Ending Final Cleanup Task | Checksum: 19b3a6f99

Time (s): cpu = 00:00:00 ; elapsed = 00:00:00 . Memory (MB): peak = 3121.660 ; gain = 0.000 ; free physical = 1468 ; free virtual = 16069

Starting Netlist Obfuscation Task
Netlist sorting complete. Time (s): cpu = 00:00:00 ; elapsed = 00:00:00.01 . Memory (MB): peak = 3121.660 ; gain = 0.000 ; free physical = 1468 ; free virtual = 16069
Ending Netlist Obfuscation Task | Checksum: 19b3a6f99

Time (s): cpu = 00:00:00 ; elapsed = 00:00:00.01 . Memory (MB): peak = 3121.660 ; gain = 0.000 ; free physical = 1468 ; free virtual = 16069
INFO: [Common 17-83] Releasing license: Implementation
32 Infos, 0 Warnings, 0 Critical Warnings and 0 Errors encountered.
opt_design completed successfully
INFO: [Timing 38-35] Done setting XDC timing constraints.
INFO: [Timing 38-480] Writing timing data to binary archive.
Writing placer database...
Writing XDEF routing.
Writing XDEF routing logical nets.
Writing XDEF routing special nets.
Write XDEF Complete: Time (s): cpu = 00:00:00.13 ; elapsed = 00:00:00.05 . Memory (MB): peak = 3129.660 ; gain = 0.000 ; free physical = 1461 ; free virtual = 16063
INFO: [Common 17-1381] The checkpoint '/home/student/mwalek/Vivado/uec2_lab3_student/fpga/build/vga_project.runs/impl_1/top_vga_basys3_opt.dcp' has been generated.
INFO: [runtcl-4] Executing : report_drc -file top_vga_basys3_drc_opted.rpt -pb top_vga_basys3_drc_opted.pb -rpx top_vga_basys3_drc_opted.rpx
Command: report_drc -file top_vga_basys3_drc_opted.rpt -pb top_vga_basys3_drc_opted.pb -rpx top_vga_basys3_drc_opted.rpx
INFO: [IP_Flow 19-234] Refreshing IP repositories
INFO: [IP_Flow 19-1704] No user IP repositories specified
INFO: [IP_Flow 19-2313] Loaded Vivado IP repository '/home_local/Xilinx/Vivado/2021.2/data/ip'.
INFO: [DRC 23-27] Running DRC with 8 threads
INFO: [Vivado_Tcl 2-168] The results of DRC are in file /home/student/mwalek/Vivado/uec2_lab3_student/fpga/build/vga_project.runs/impl_1/top_vga_basys3_drc_opted.rpt.
report_drc completed successfully
Command: place_design
Attempting to get a license for feature 'Implementation' and/or device 'xc7a35t'
INFO: [Common 17-349] Got license for feature 'Implementation' and/or device 'xc7a35t'
INFO: [DRC 23-27] Running DRC with 8 threads
INFO: [Vivado_Tcl 4-198] DRC finished with 0 Errors
INFO: [Vivado_Tcl 4-199] Please refer to the DRC report (report_drc) for more information.
Running DRC as a precondition to command place_design
INFO: [DRC 23-27] Running DRC with 8 threads
INFO: [Vivado_Tcl 4-198] DRC finished with 0 Errors
INFO: [Vivado_Tcl 4-199] Please refer to the DRC report (report_drc) for more information.

Starting Placer Task
INFO: [Place 30-611] Multithreading enabled for place_design using a maximum of 8 CPUs

Phase 1 Placer Initialization

Phase 1.1 Placer Initialization Netlist Sorting
Netlist sorting complete. Time (s): cpu = 00:00:00 ; elapsed = 00:00:00 . Memory (MB): peak = 3253.449 ; gain = 0.000 ; free physical = 1392 ; free virtual = 15996
Phase 1.1 Placer Initialization Netlist Sorting | Checksum: 10c2f23d5

Time (s): cpu = 00:00:00 ; elapsed = 00:00:00.06 . Memory (MB): peak = 3253.449 ; gain = 0.000 ; free physical = 1392 ; free virtual = 15996
Netlist sorting complete. Time (s): cpu = 00:00:00 ; elapsed = 00:00:00 . Memory (MB): peak = 3253.449 ; gain = 0.000 ; free physical = 1392 ; free virtual = 15996

Phase 1.2 IO Placement/ Clock Placement/ Build Placer Device
Phase 1.2 IO Placement/ Clock Placement/ Build Placer Device | Checksum: ebe3c4e6

Time (s): cpu = 00:00:00.24 ; elapsed = 00:00:00.30 . Memory (MB): peak = 3253.449 ; gain = 0.000 ; free physical = 1421 ; free virtual = 16028

Phase 1.3 Build Placer Netlist Model
Phase 1.3 Build Placer Netlist Model | Checksum: 1a7ed80b9

Time (s): cpu = 00:00:00.61 ; elapsed = 00:00:00.55 . Memory (MB): peak = 3253.449 ; gain = 0.000 ; free physical = 1419 ; free virtual = 16028

Phase 1.4 Constrain Clocks/Macros
Phase 1.4 Constrain Clocks/Macros | Checksum: 1a7ed80b9

Time (s): cpu = 00:00:00.62 ; elapsed = 00:00:00.56 . Memory (MB): peak = 3253.449 ; gain = 0.000 ; free physical = 1418 ; free virtual = 16026
Phase 1 Placer Initialization | Checksum: 1a7ed80b9

Time (s): cpu = 00:00:00.62 ; elapsed = 00:00:00.63 . Memory (MB): peak = 3253.449 ; gain = 0.000 ; free physical = 1431 ; free virtual = 16039

Phase 2 Global Placement

Phase 2.1 Floorplanning
Phase 2.1 Floorplanning | Checksum: 1c2d506a7

Time (s): cpu = 00:00:00.77 ; elapsed = 00:00:00.70 . Memory (MB): peak = 3253.449 ; gain = 0.000 ; free physical = 1427 ; free virtual = 16036

Phase 2.2 Update Timing before SLR Path Opt
Phase 2.2 Update Timing before SLR Path Opt | Checksum: 1d09a03a3

Time (s): cpu = 00:00:00.88 ; elapsed = 00:00:00.76 . Memory (MB): peak = 3253.449 ; gain = 0.000 ; free physical = 1429 ; free virtual = 16038

Phase 2.3 Post-Processing in Floorplanning
Phase 2.3 Post-Processing in Floorplanning | Checksum: 1d09a03a3

Time (s): cpu = 00:00:00.89 ; elapsed = 00:00:00.76 . Memory (MB): peak = 3253.449 ; gain = 0.000 ; free physical = 1429 ; free virtual = 16038

Phase 2.4 Global Placement Core

Phase 2.4.1 Physical Synthesis In Placer
INFO: [Physopt 32-1035] Found 0 LUTNM shape to break, 4 LUT instances to create LUTNM shape
INFO: [Physopt 32-1044] Break lutnm for timing: one critical 0, two critical 0, total 0, new lutff created 0
INFO: [Physopt 32-1138] End 1 Pass. Optimized 2 nets or LUTs. Breaked 0 LUT, combined 2 existing LUTs and moved 0 existing LUT
INFO: [Physopt 32-65] No nets found for high-fanout optimization.
INFO: [Physopt 32-232] Optimized 0 net. Created 0 new instance.
INFO: [Physopt 32-775] End 1 Pass. Optimized 0 net or cell. Created 0 new cell, deleted 0 existing cell and moved 0 existing cell
INFO: [Physopt 32-670] No setup violation found.  DSP Register Optimization was not performed.
INFO: [Physopt 32-670] No setup violation found.  Shift Register to Pipeline Optimization was not performed.
INFO: [Physopt 32-670] No setup violation found.  Shift Register Optimization was not performed.
INFO: [Physopt 32-670] No setup violation found.  BRAM Register Optimization was not performed.
INFO: [Physopt 32-670] No setup violation found.  URAM Register Optimization was not performed.
INFO: [Physopt 32-949] No candidate nets found for dynamic/static region interface net replication
INFO: [Physopt 32-775] End 1 Pass. Optimized 0 net or cell. Created 0 new cell, deleted 0 existing cell and moved 0 existing cell
Netlist sorting complete. Time (s): cpu = 00:00:00 ; elapsed = 00:00:00 . Memory (MB): peak = 3253.449 ; gain = 0.000 ; free physical = 1410 ; free virtual = 16023

Summary of Physical Synthesis Optimizations
============================================


-----------------------------------------------------------------------------------------------------------------------------------------------------------
|  Optimization                                     |  Added Cells  |  Removed Cells  |  Optimized Cells/Nets  |  Dont Touch  |  Iterations  |  Elapsed   |
-----------------------------------------------------------------------------------------------------------------------------------------------------------
|  LUT Combining                                    |            0  |              2  |                     2  |           0  |           1  |  00:00:00  |
|  Retime                                           |            0  |              0  |                     0  |           0  |           1  |  00:00:00  |
|  Very High Fanout                                 |            0  |              0  |                     0  |           0  |           1  |  00:00:00  |
|  DSP Register                                     |            0  |              0  |                     0  |           0  |           0  |  00:00:00  |
|  Shift Register to Pipeline                       |            0  |              0  |                     0  |           0  |           0  |  00:00:00  |
|  Shift Register                                   |            0  |              0  |                     0  |           0  |           0  |  00:00:00  |
|  BRAM Register                                    |            0  |              0  |                     0  |           0  |           0  |  00:00:00  |
|  URAM Register                                    |            0  |              0  |                     0  |           0  |           0  |  00:00:00  |
|  Dynamic/Static Region Interface Net Replication  |            0  |              0  |                     0  |           0  |           1  |  00:00:00  |
|  Total                                            |            0  |              2  |                     2  |           0  |           4  |  00:00:00  |
-----------------------------------------------------------------------------------------------------------------------------------------------------------


Phase 2.4.1 Physical Synthesis In Placer | Checksum: 1c2663f4b

Time (s): cpu = 00:00:03 ; elapsed = 00:00:02 . Memory (MB): peak = 3253.449 ; gain = 0.000 ; free physical = 1410 ; free virtual = 16023
Phase 2.4 Global Placement Core | Checksum: 221a6cf04

Time (s): cpu = 00:00:03 ; elapsed = 00:00:02 . Memory (MB): peak = 3253.449 ; gain = 0.000 ; free physical = 1409 ; free virtual = 16022
Phase 2 Global Placement | Checksum: 221a6cf04

Time (s): cpu = 00:00:03 ; elapsed = 00:00:02 . Memory (MB): peak = 3253.449 ; gain = 0.000 ; free physical = 1409 ; free virtual = 16022

Phase 3 Detail Placement

Phase 3.1 Commit Multi Column Macros
Phase 3.1 Commit Multi Column Macros | Checksum: 1d2de348c

Time (s): cpu = 00:00:03 ; elapsed = 00:00:02 . Memory (MB): peak = 3253.449 ; gain = 0.000 ; free physical = 1409 ; free virtual = 16022

Phase 3.2 Commit Most Macros & LUTRAMs
Phase 3.2 Commit Most Macros & LUTRAMs | Checksum: 217ef4950

Time (s): cpu = 00:00:03 ; elapsed = 00:00:02 . Memory (MB): peak = 3253.449 ; gain = 0.000 ; free physical = 1409 ; free virtual = 16022

Phase 3.3 Area Swap Optimization
Phase 3.3 Area Swap Optimization | Checksum: 1d8a249e1

Time (s): cpu = 00:00:04 ; elapsed = 00:00:02 . Memory (MB): peak = 3253.449 ; gain = 0.000 ; free physical = 1409 ; free virtual = 16022

Phase 3.4 Pipeline Register Optimization
Phase 3.4 Pipeline Register Optimization | Checksum: 1e1ef1f4c

Time (s): cpu = 00:00:04 ; elapsed = 00:00:02 . Memory (MB): peak = 3253.449 ; gain = 0.000 ; free physical = 1409 ; free virtual = 16022

Phase 3.5 Small Shape Detail Placement
Phase 3.5 Small Shape Detail Placement | Checksum: 17f148159

Time (s): cpu = 00:00:04 ; elapsed = 00:00:02 . Memory (MB): peak = 3253.449 ; gain = 0.000 ; free physical = 1407 ; free virtual = 16021

Phase 3.6 Re-assign LUT pins
Phase 3.6 Re-assign LUT pins | Checksum: 2290fc772

Time (s): cpu = 00:00:04 ; elapsed = 00:00:02 . Memory (MB): peak = 3253.449 ; gain = 0.000 ; free physical = 1407 ; free virtual = 16021

Phase 3.7 Pipeline Register Optimization
Phase 3.7 Pipeline Register Optimization | Checksum: 221a4dce7

Time (s): cpu = 00:00:04 ; elapsed = 00:00:02 . Memory (MB): peak = 3253.449 ; gain = 0.000 ; free physical = 1407 ; free virtual = 16021
Phase 3 Detail Placement | Checksum: 221a4dce7

Time (s): cpu = 00:00:04 ; elapsed = 00:00:02 . Memory (MB): peak = 3253.449 ; gain = 0.000 ; free physical = 1407 ; free virtual = 16021

Phase 4 Post Placement Optimization and Clean-Up

Phase 4.1 Post Commit Optimization
INFO: [Timing 38-35] Done setting XDC timing constraints.

Phase 4.1.1 Post Placement Optimization
Post Placement Optimization Initialization | Checksum: 1205a3bd3

Phase 4.1.1.1 BUFG Insertion

Starting Physical Synthesis Task

Phase 1 Physical Synthesis Initialization
INFO: [Physopt 32-721] Multithreading enabled for phys_opt_design using a maximum of 8 CPUs
INFO: [Physopt 32-619] Estimated Timing Summary | WNS=2.963 | TNS=0.000 |
Phase 1 Physical Synthesis Initialization | Checksum: 1021c7a8d

Time (s): cpu = 00:00:00.08 ; elapsed = 00:00:00.03 . Memory (MB): peak = 3253.449 ; gain = 0.000 ; free physical = 1402 ; free virtual = 16015
INFO: [Place 46-56] BUFG insertion identified 0 candidate nets. Inserted BUFG: 0, Replicated BUFG Driver: 0, Skipped due to Placement/Routing Conflicts: 0, Skipped due to Timing Degradation: 0, Skipped due to Illegal Netlist: 0.
Ending Physical Synthesis Task | Checksum: 19d377e9a

Time (s): cpu = 00:00:00.08 ; elapsed = 00:00:00.04 . Memory (MB): peak = 3253.449 ; gain = 0.000 ; free physical = 1401 ; free virtual = 16014
Phase 4.1.1.1 BUFG Insertion | Checksum: 1205a3bd3

Time (s): cpu = 00:00:04 ; elapsed = 00:00:03 . Memory (MB): peak = 3253.449 ; gain = 0.000 ; free physical = 1400 ; free virtual = 16013

Phase 4.1.1.2 Post Placement Timing Optimization
INFO: [Place 30-746] Post Placement Timing Summary WNS=2.963. For the most accurate timing information please run report_timing.
Phase 4.1.1.2 Post Placement Timing Optimization | Checksum: 164636402

Time (s): cpu = 00:00:04 ; elapsed = 00:00:03 . Memory (MB): peak = 3253.449 ; gain = 0.000 ; free physical = 1398 ; free virtual = 16012

Time (s): cpu = 00:00:04 ; elapsed = 00:00:03 . Memory (MB): peak = 3253.449 ; gain = 0.000 ; free physical = 1398 ; free virtual = 16012
Phase 4.1 Post Commit Optimization | Checksum: 164636402

Time (s): cpu = 00:00:04 ; elapsed = 00:00:03 . Memory (MB): peak = 3253.449 ; gain = 0.000 ; free physical = 1397 ; free virtual = 16011

Phase 4.2 Post Placement Cleanup
Phase 4.2 Post Placement Cleanup | Checksum: 164636402

Time (s): cpu = 00:00:04 ; elapsed = 00:00:03 . Memory (MB): peak = 3253.449 ; gain = 0.000 ; free physical = 1396 ; free virtual = 16010

Phase 4.3 Placer Reporting

Phase 4.3.1 Print Estimated Congestion
INFO: [Place 30-612] Post-Placement Estimated Congestion 
 ____________________________________________________
|           | Global Congestion | Short Congestion  |
| Direction | Region Size       | Region Size       |
|___________|___________________|___________________|
|      North|                1x1|                1x1|
|___________|___________________|___________________|
|      South|                1x1|                1x1|
|___________|___________________|___________________|
|       East|                1x1|                1x1|
|___________|___________________|___________________|
|       West|                1x1|                1x1|
|___________|___________________|___________________|

Phase 4.3.1 Print Estimated Congestion | Checksum: 164636402

Time (s): cpu = 00:00:04 ; elapsed = 00:00:03 . Memory (MB): peak = 3253.449 ; gain = 0.000 ; free physical = 1395 ; free virtual = 16009
Phase 4.3 Placer Reporting | Checksum: 164636402

Time (s): cpu = 00:00:05 ; elapsed = 00:00:03 . Memory (MB): peak = 3253.449 ; gain = 0.000 ; free physical = 1394 ; free virtual = 16008

Phase 4.4 Final Placement Cleanup
Netlist sorting complete. Time (s): cpu = 00:00:00 ; elapsed = 00:00:00 . Memory (MB): peak = 3253.449 ; gain = 0.000 ; free physical = 1394 ; free virtual = 16007

Time (s): cpu = 00:00:05 ; elapsed = 00:00:03 . Memory (MB): peak = 3253.449 ; gain = 0.000 ; free physical = 1394 ; free virtual = 16007
Phase 4 Post Placement Optimization and Clean-Up | Checksum: 1250216a0

Time (s): cpu = 00:00:05 ; elapsed = 00:00:03 . Memory (MB): peak = 3253.449 ; gain = 0.000 ; free physical = 1394 ; free virtual = 16007
Ending Placer Task | Checksum: cecae574

Time (s): cpu = 00:00:05 ; elapsed = 00:00:03 . Memory (MB): peak = 3253.449 ; gain = 0.000 ; free physical = 1392 ; free virtual = 16006
INFO: [Common 17-83] Releasing license: Implementation
69 Infos, 0 Warnings, 0 Critical Warnings and 0 Errors encountered.
place_design completed successfully
INFO: [Timing 38-480] Writing timing data to binary archive.
Writing placer database...
Writing XDEF routing.
Writing XDEF routing logical nets.
Writing XDEF routing special nets.
Write XDEF Complete: Time (s): cpu = 00:00:00.29 ; elapsed = 00:00:00.24 . Memory (MB): peak = 3253.449 ; gain = 0.000 ; free physical = 1416 ; free virtual = 16031
INFO: [Common 17-1381] The checkpoint '/home/student/mwalek/Vivado/uec2_lab3_student/fpga/build/vga_project.runs/impl_1/top_vga_basys3_placed.dcp' has been generated.
INFO: [runtcl-4] Executing : report_io -file top_vga_basys3_io_placed.rpt
report_io: Time (s): cpu = 00:00:00.06 ; elapsed = 00:00:00.10 . Memory (MB): peak = 3253.449 ; gain = 0.000 ; free physical = 1411 ; free virtual = 16025
INFO: [runtcl-4] Executing : report_utilization -file top_vga_basys3_utilization_placed.rpt -pb top_vga_basys3_utilization_placed.pb
INFO: [runtcl-4] Executing : report_control_sets -verbose -file top_vga_basys3_control_sets_placed.rpt
report_control_sets: Time (s): cpu = 00:00:00.02 ; elapsed = 00:00:00.05 . Memory (MB): peak = 3253.449 ; gain = 0.000 ; free physical = 1416 ; free virtual = 16030
Command: phys_opt_design
Attempting to get a license for feature 'Implementation' and/or device 'xc7a35t'
INFO: [Common 17-349] Got license for feature 'Implementation' and/or device 'xc7a35t'
INFO: [Vivado_Tcl 4-383] Design worst setup slack (WNS) is greater than or equal to 0.000 ns. Skipping all physical synthesis optimizations.
INFO: [Vivado_Tcl 4-232] No setup violation found. The netlist was not modified.
INFO: [Common 17-83] Releasing license: Implementation
78 Infos, 0 Warnings, 0 Critical Warnings and 0 Errors encountered.
phys_opt_design completed successfully
INFO: [Timing 38-480] Writing timing data to binary archive.
Writing placer database...
Writing XDEF routing.
Writing XDEF routing logical nets.
Writing XDEF routing special nets.
Write XDEF Complete: Time (s): cpu = 00:00:00.29 ; elapsed = 00:00:00.13 . Memory (MB): peak = 3253.449 ; gain = 0.000 ; free physical = 1382 ; free virtual = 15998
INFO: [Common 17-1381] The checkpoint '/home/student/mwalek/Vivado/uec2_lab3_student/fpga/build/vga_project.runs/impl_1/top_vga_basys3_physopt.dcp' has been generated.
Command: route_design
Attempting to get a license for feature 'Implementation' and/or device 'xc7a35t'
INFO: [Common 17-349] Got license for feature 'Implementation' and/or device 'xc7a35t'
Running DRC as a precondition to command route_design
INFO: [DRC 23-27] Running DRC with 8 threads
INFO: [Vivado_Tcl 4-198] DRC finished with 0 Errors
INFO: [Vivado_Tcl 4-199] Please refer to the DRC report (report_drc) for more information.


Starting Routing Task
INFO: [Route 35-254] Multithreading enabled for route_design using a maximum of 8 CPUs

Phase 1 Build RT Design
Checksum: PlaceDB: ad490d0a ConstDB: 0 ShapeSum: 2181d86a RouteDB: 0
Post Restoration Checksum: NetGraph: aeef4177 NumContArr: 2fad0339 Constraints: 0 Timing: 0
Phase 1 Build RT Design | Checksum: de9c44b0

Time (s): cpu = 00:00:13 ; elapsed = 00:00:11 . Memory (MB): peak = 3257.742 ; gain = 4.293 ; free physical = 1264 ; free virtual = 15879

Phase 2 Router Initialization

Phase 2.1 Create Timer
Phase 2.1 Create Timer | Checksum: de9c44b0

Time (s): cpu = 00:00:13 ; elapsed = 00:00:11 . Memory (MB): peak = 3257.742 ; gain = 4.293 ; free physical = 1271 ; free virtual = 15886

Phase 2.2 Fix Topology Constraints
Phase 2.2 Fix Topology Constraints | Checksum: de9c44b0

Time (s): cpu = 00:00:13 ; elapsed = 00:00:11 . Memory (MB): peak = 3278.738 ; gain = 25.289 ; free physical = 1238 ; free virtual = 15852

Phase 2.3 Pre Route Cleanup
Phase 2.3 Pre Route Cleanup | Checksum: de9c44b0

Time (s): cpu = 00:00:13 ; elapsed = 00:00:11 . Memory (MB): peak = 3278.738 ; gain = 25.289 ; free physical = 1238 ; free virtual = 15853
 Number of Nodes with overlaps = 0

Phase 2.4 Update Timing
Phase 2.4 Update Timing | Checksum: 1a42746eb

Time (s): cpu = 00:00:14 ; elapsed = 00:00:12 . Memory (MB): peak = 3290.738 ; gain = 37.289 ; free physical = 1228 ; free virtual = 15843
INFO: [Route 35-416] Intermediate Timing Summary | WNS=2.965  | TNS=0.000  | WHS=-0.330 | THS=-12.932|


Router Utilization Summary
  Global Vertical Routing Utilization    = 0 %
  Global Horizontal Routing Utilization  = 0 %
  Routable Net Status*
  *Does not include unroutable nets such as driverless and loadless.
  Run report_route_status for detailed report.
  Number of Failed Nets               = 839
    (Failed Nets is the sum of unrouted and partially routed nets)
  Number of Unrouted Nets             = 839
  Number of Partially Routed Nets     = 0
  Number of Node Overlaps             = 0

Phase 2 Router Initialization | Checksum: 21d34538c

Time (s): cpu = 00:00:14 ; elapsed = 00:00:12 . Memory (MB): peak = 3293.738 ; gain = 40.289 ; free physical = 1227 ; free virtual = 15842

Phase 3 Initial Routing

Phase 3.1 Global Routing
Phase 3.1 Global Routing | Checksum: 21d34538c

Time (s): cpu = 00:00:14 ; elapsed = 00:00:12 . Memory (MB): peak = 3293.738 ; gain = 40.289 ; free physical = 1227 ; free virtual = 15842
Phase 3 Initial Routing | Checksum: 21a217a36

Time (s): cpu = 00:00:14 ; elapsed = 00:00:12 . Memory (MB): peak = 3325.754 ; gain = 72.305 ; free physical = 1229 ; free virtual = 15844

Phase 4 Rip-up And Reroute

Phase 4.1 Global Iteration 0
 Number of Nodes with overlaps = 53
 Number of Nodes with overlaps = 0
INFO: [Route 35-416] Intermediate Timing Summary | WNS=2.114  | TNS=0.000  | WHS=N/A    | THS=N/A    |

Phase 4.1 Global Iteration 0 | Checksum: 101918b60

Time (s): cpu = 00:00:15 ; elapsed = 00:00:12 . Memory (MB): peak = 3325.754 ; gain = 72.305 ; free physical = 1229 ; free virtual = 15844

Phase 4.2 Global Iteration 1
 Number of Nodes with overlaps = 2
 Number of Nodes with overlaps = 1
 Number of Nodes with overlaps = 0
INFO: [Route 35-416] Intermediate Timing Summary | WNS=2.114  | TNS=0.000  | WHS=N/A    | THS=N/A    |

Phase 4.2 Global Iteration 1 | Checksum: 16f9d0233

Time (s): cpu = 00:00:15 ; elapsed = 00:00:12 . Memory (MB): peak = 3325.754 ; gain = 72.305 ; free physical = 1226 ; free virtual = 15842
Phase 4 Rip-up And Reroute | Checksum: 16f9d0233

Time (s): cpu = 00:00:15 ; elapsed = 00:00:12 . Memory (MB): peak = 3325.754 ; gain = 72.305 ; free physical = 1226 ; free virtual = 15842

Phase 5 Delay and Skew Optimization

Phase 5.1 Delay CleanUp
Phase 5.1 Delay CleanUp | Checksum: 16f9d0233

Time (s): cpu = 00:00:15 ; elapsed = 00:00:12 . Memory (MB): peak = 3325.754 ; gain = 72.305 ; free physical = 1226 ; free virtual = 15842

Phase 5.2 Clock Skew Optimization
Phase 5.2 Clock Skew Optimization | Checksum: 16f9d0233

Time (s): cpu = 00:00:15 ; elapsed = 00:00:12 . Memory (MB): peak = 3325.754 ; gain = 72.305 ; free physical = 1226 ; free virtual = 15842
Phase 5 Delay and Skew Optimization | Checksum: 16f9d0233

Time (s): cpu = 00:00:15 ; elapsed = 00:00:12 . Memory (MB): peak = 3325.754 ; gain = 72.305 ; free physical = 1226 ; free virtual = 15842

Phase 6 Post Hold Fix

Phase 6.1 Hold Fix Iter

Phase 6.1.1 Update Timing
Phase 6.1.1 Update Timing | Checksum: 249af4ff3

Time (s): cpu = 00:00:15 ; elapsed = 00:00:12 . Memory (MB): peak = 3325.754 ; gain = 72.305 ; free physical = 1226 ; free virtual = 15842
INFO: [Route 35-416] Intermediate Timing Summary | WNS=2.114  | TNS=0.000  | WHS=0.106  | THS=0.000  |

Phase 6.1 Hold Fix Iter | Checksum: 249af4ff3

Time (s): cpu = 00:00:15 ; elapsed = 00:00:12 . Memory (MB): peak = 3325.754 ; gain = 72.305 ; free physical = 1226 ; free virtual = 15842
Phase 6 Post Hold Fix | Checksum: 249af4ff3

Time (s): cpu = 00:00:15 ; elapsed = 00:00:12 . Memory (MB): peak = 3325.754 ; gain = 72.305 ; free physical = 1226 ; free virtual = 15842

Phase 7 Route finalize

Router Utilization Summary
  Global Vertical Routing Utilization    = 0.187674 %
  Global Horizontal Routing Utilization  = 0.203019 %
  Routable Net Status*
  *Does not include unroutable nets such as driverless and loadless.
  Run report_route_status for detailed report.
  Number of Failed Nets               = 0
    (Failed Nets is the sum of unrouted and partially routed nets)
  Number of Unrouted Nets             = 0
  Number of Partially Routed Nets     = 0
  Number of Node Overlaps             = 0

Phase 7 Route finalize | Checksum: 16e92e8f5

Time (s): cpu = 00:00:15 ; elapsed = 00:00:12 . Memory (MB): peak = 3325.754 ; gain = 72.305 ; free physical = 1226 ; free virtual = 15842

Phase 8 Verifying routed nets

 Verification completed successfully
Phase 8 Verifying routed nets | Checksum: 16e92e8f5

Time (s): cpu = 00:00:15 ; elapsed = 00:00:12 . Memory (MB): peak = 3325.754 ; gain = 72.305 ; free physical = 1224 ; free virtual = 15840

Phase 9 Depositing Routes
Phase 9 Depositing Routes | Checksum: 8d6bfb52

Time (s): cpu = 00:00:15 ; elapsed = 00:00:12 . Memory (MB): peak = 3373.773 ; gain = 120.324 ; free physical = 1223 ; free virtual = 15839

Phase 10 Post Router Timing
INFO: [Route 35-57] Estimated Timing Summary | WNS=2.114  | TNS=0.000  | WHS=0.106  | THS=0.000  |

INFO: [Route 35-327] The final timing numbers are based on the router estimated timing analysis. For a complete and accurate timing signoff, please run report_timing_summary.
Phase 10 Post Router Timing | Checksum: 8d6bfb52

Time (s): cpu = 00:00:15 ; elapsed = 00:00:12 . Memory (MB): peak = 3373.773 ; gain = 120.324 ; free physical = 1223 ; free virtual = 15839
INFO: [Route 35-16] Router Completed Successfully

Time (s): cpu = 00:00:15 ; elapsed = 00:00:12 . Memory (MB): peak = 3373.773 ; gain = 120.324 ; free physical = 1258 ; free virtual = 15874

Routing Is Done.
INFO: [Common 17-83] Releasing license: Implementation
93 Infos, 0 Warnings, 0 Critical Warnings and 0 Errors encountered.
route_design completed successfully
route_design: Time (s): cpu = 00:00:17 ; elapsed = 00:00:13 . Memory (MB): peak = 3373.773 ; gain = 120.324 ; free physical = 1258 ; free virtual = 15874
INFO: [Timing 38-480] Writing timing data to binary archive.
Writing placer database...
Writing XDEF routing.
Writing XDEF routing logical nets.
Writing XDEF routing special nets.
Write XDEF Complete: Time (s): cpu = 00:00:00.31 ; elapsed = 00:00:00.31 . Memory (MB): peak = 3373.773 ; gain = 0.000 ; free physical = 1255 ; free virtual = 15873
INFO: [Common 17-1381] The checkpoint '/home/student/mwalek/Vivado/uec2_lab3_student/fpga/build/vga_project.runs/impl_1/top_vga_basys3_routed.dcp' has been generated.
INFO: [runtcl-4] Executing : report_drc -file top_vga_basys3_drc_routed.rpt -pb top_vga_basys3_drc_routed.pb -rpx top_vga_basys3_drc_routed.rpx
Command: report_drc -file top_vga_basys3_drc_routed.rpt -pb top_vga_basys3_drc_routed.pb -rpx top_vga_basys3_drc_routed.rpx
INFO: [IP_Flow 19-1839] IP Catalog is up to date.
INFO: [DRC 23-27] Running DRC with 8 threads
INFO: [Vivado_Tcl 2-168] The results of DRC are in file /home/student/mwalek/Vivado/uec2_lab3_student/fpga/build/vga_project.runs/impl_1/top_vga_basys3_drc_routed.rpt.
report_drc completed successfully
INFO: [runtcl-4] Executing : report_methodology -file top_vga_basys3_methodology_drc_routed.rpt -pb top_vga_basys3_methodology_drc_routed.pb -rpx top_vga_basys3_methodology_drc_routed.rpx
Command: report_methodology -file top_vga_basys3_methodology_drc_routed.rpt -pb top_vga_basys3_methodology_drc_routed.pb -rpx top_vga_basys3_methodology_drc_routed.rpx
INFO: [Timing 38-35] Done setting XDC timing constraints.
INFO: [DRC 23-133] Running Methodology with 8 threads
INFO: [Vivado_Tcl 2-1520] The results of Report Methodology are in file /home/student/mwalek/Vivado/uec2_lab3_student/fpga/build/vga_project.runs/impl_1/top_vga_basys3_methodology_drc_routed.rpt.
report_methodology completed successfully
INFO: [runtcl-4] Executing : report_power -file top_vga_basys3_power_routed.rpt -pb top_vga_basys3_power_summary_routed.pb -rpx top_vga_basys3_power_routed.rpx
Command: report_power -file top_vga_basys3_power_routed.rpt -pb top_vga_basys3_power_summary_routed.pb -rpx top_vga_basys3_power_routed.rpx
INFO: [Timing 38-35] Done setting XDC timing constraints.
Running Vector-less Activity Propagation...

Finished Running Vector-less Activity Propagation
105 Infos, 0 Warnings, 0 Critical Warnings and 0 Errors encountered.
report_power completed successfully
INFO: [runtcl-4] Executing : report_route_status -file top_vga_basys3_route_status.rpt -pb top_vga_basys3_route_status.pb
INFO: [runtcl-4] Executing : report_timing_summary -max_paths 10 -report_unconstrained -file top_vga_basys3_timing_summary_routed.rpt -pb top_vga_basys3_timing_summary_routed.pb -rpx top_vga_basys3_timing_summary_routed.rpx -warn_on_violation 
INFO: [Timing 38-91] UpdateTimingParams: Speed grade: -1, Delay Type: min_max.
INFO: [Timing 38-191] Multithreading enabled for timing update using a maximum of 8 CPUs
INFO: [runtcl-4] Executing : report_incremental_reuse -file top_vga_basys3_incremental_reuse_routed.rpt
INFO: [Vivado_Tcl 4-1062] Incremental flow is disabled. No incremental reuse Info to report.
INFO: [runtcl-4] Executing : report_clock_utilization -file top_vga_basys3_clock_utilization_routed.rpt
INFO: [runtcl-4] Executing : report_bus_skew -warn_on_violation -file top_vga_basys3_bus_skew_routed.rpt -pb top_vga_basys3_bus_skew_routed.pb -rpx top_vga_basys3_bus_skew_routed.rpx
INFO: [Timing 38-91] UpdateTimingParams: Speed grade: -1, Delay Type: min_max.
INFO: [Timing 38-191] Multithreading enabled for timing update using a maximum of 8 CPUs
Command: write_bitstream -force top_vga_basys3.bit
Attempting to get a license for feature 'Implementation' and/or device 'xc7a35t'
INFO: [Common 17-349] Got license for feature 'Implementation' and/or device 'xc7a35t'
Running DRC as a precondition to command write_bitstream
INFO: [IP_Flow 19-1839] IP Catalog is up to date.
INFO: [DRC 23-27] Running DRC with 8 threads
INFO: [Vivado 12-3199] DRC finished with 0 Errors
INFO: [Vivado 12-3200] Please refer to the DRC report (report_drc) for more information.
INFO: [Designutils 20-2272] Running write_bitstream with 8 threads.
Loading data files...
Loading site data...
Loading route data...
Processing options...
Creating bitmap...
Creating bitstream...
Writing bitstream ./top_vga_basys3.bit...
INFO: [Vivado 12-1842] Bitgen Completed Successfully.
INFO: [Project 1-1876] WebTalk data collection is mandatory when using a ULT device. To see the specific WebTalk data collected for your design, open the usage_statistics_webtalk.html or usage_statistics_webtalk.xml file in the implementation directory.
INFO: [Common 17-83] Releasing license: Implementation
12 Infos, 0 Warnings, 0 Critical Warnings and 0 Errors encountered.
write_bitstream completed successfully
write_bitstream: Time (s): cpu = 00:00:08 ; elapsed = 00:00:17 . Memory (MB): peak = 3643.590 ; gain = 233.215 ; free physical = 1218 ; free virtual = 15843
INFO: [Common 17-206] Exiting Vivado at Sat May 18 22:02:21 2024...
[Sat May 18 22:02:22 2024] impl_1 finished
wait_on_runs: Time (s): cpu = 00:01:04 ; elapsed = 00:01:07 . Memory (MB): peak = 2626.527 ; gain = 0.000 ; free physical = 2723 ; free virtual = 17348
# exit
INFO: [Common 17-206] Exiting Vivado at Sat May 18 22:02:22 2024...
