Warnings, critical warnings and errors from synthesis and implementation

Created: 2024-04-11 18:52:38

----SYNTHESIS----
WARNING: [Synth 8-3848] Net vga_tim\.rgb in module/entity vga_timing does not have driver. [rtl/vga_timing.sv:15]
WARNING: [Synth 8-6014] Unused sequential element set_x.inc_reg was removed.  [rtl/MouseCtl.vhd:450]
WARNING: [Synth 8-6014] Unused sequential element set_x.x_inter_reg was removed.  [rtl/MouseCtl.vhd:456]
WARNING: [Synth 8-6014] Unused sequential element set_y.inc_reg was removed.  [rtl/MouseCtl.vhd:514]
WARNING: [Synth 8-6014] Unused sequential element set_y.y_inter_reg was removed.  [rtl/MouseCtl.vhd:520]
WARNING: [Synth 8-7071] port 'zpos' of module 'MouseCtl' is unconnected for instance 'u_MouseCtl' [rtl/top_vga.sv:88]
WARNING: [Synth 8-7071] port 'left' of module 'MouseCtl' is unconnected for instance 'u_MouseCtl' [rtl/top_vga.sv:88]
WARNING: [Synth 8-7071] port 'middle' of module 'MouseCtl' is unconnected for instance 'u_MouseCtl' [rtl/top_vga.sv:88]
WARNING: [Synth 8-7071] port 'right' of module 'MouseCtl' is unconnected for instance 'u_MouseCtl' [rtl/top_vga.sv:88]
WARNING: [Synth 8-7071] port 'new_event' of module 'MouseCtl' is unconnected for instance 'u_MouseCtl' [rtl/top_vga.sv:88]
WARNING: [Synth 8-7071] port 'value' of module 'MouseCtl' is unconnected for instance 'u_MouseCtl' [rtl/top_vga.sv:88]
WARNING: [Synth 8-7071] port 'setx' of module 'MouseCtl' is unconnected for instance 'u_MouseCtl' [rtl/top_vga.sv:88]
WARNING: [Synth 8-7071] port 'sety' of module 'MouseCtl' is unconnected for instance 'u_MouseCtl' [rtl/top_vga.sv:88]
WARNING: [Synth 8-7071] port 'setmax_x' of module 'MouseCtl' is unconnected for instance 'u_MouseCtl' [rtl/top_vga.sv:88]
WARNING: [Synth 8-7071] port 'setmax_y' of module 'MouseCtl' is unconnected for instance 'u_MouseCtl' [rtl/top_vga.sv:88]
WARNING: [Synth 8-7023] instance 'u_MouseCtl' of module 'MouseCtl' has 16 connections declared, but only 6 given [rtl/top_vga.sv:88]
WARNING: [Synth 8-3848] Net vga_mouse_out\.vcount in module/entity draw_mouse does not have driver. [rtl/draw_mouse.sv:20]
WARNING: [Synth 8-3848] Net vga_mouse_out\.vblnk in module/entity draw_mouse does not have driver. [rtl/draw_mouse.sv:20]
WARNING: [Synth 8-3848] Net vga_mouse_out\.hcount in module/entity draw_mouse does not have driver. [rtl/draw_mouse.sv:20]
WARNING: [Synth 8-3848] Net vga_mouse_out\.hblnk in module/entity draw_mouse does not have driver. [rtl/draw_mouse.sv:20]
WARNING: [Synth 8-7129] Port vga_mouse_out\.vcount[10] in module draw_mouse is either unconnected or has no load
WARNING: [Synth 8-7129] Port vga_mouse_out\.vcount[9] in module draw_mouse is either unconnected or has no load
WARNING: [Synth 8-7129] Port vga_mouse_out\.vcount[8] in module draw_mouse is either unconnected or has no load
WARNING: [Synth 8-7129] Port vga_mouse_out\.vcount[7] in module draw_mouse is either unconnected or has no load
WARNING: [Synth 8-7129] Port vga_mouse_out\.vcount[6] in module draw_mouse is either unconnected or has no load
WARNING: [Synth 8-7129] Port vga_mouse_out\.vcount[5] in module draw_mouse is either unconnected or has no load
WARNING: [Synth 8-7129] Port vga_mouse_out\.vcount[4] in module draw_mouse is either unconnected or has no load
WARNING: [Synth 8-7129] Port vga_mouse_out\.vcount[3] in module draw_mouse is either unconnected or has no load
WARNING: [Synth 8-7129] Port vga_mouse_out\.vcount[2] in module draw_mouse is either unconnected or has no load
WARNING: [Synth 8-7129] Port vga_mouse_out\.vcount[1] in module draw_mouse is either unconnected or has no load
WARNING: [Synth 8-7129] Port vga_mouse_out\.vcount[0] in module draw_mouse is either unconnected or has no load
WARNING: [Synth 8-7129] Port vga_mouse_out\.vblnk in module draw_mouse is either unconnected or has no load
WARNING: [Synth 8-7129] Port vga_mouse_out\.hcount[10] in module draw_mouse is either unconnected or has no load
WARNING: [Synth 8-7129] Port vga_mouse_out\.hcount[9] in module draw_mouse is either unconnected or has no load
WARNING: [Synth 8-7129] Port vga_mouse_out\.hcount[8] in module draw_mouse is either unconnected or has no load
WARNING: [Synth 8-7129] Port vga_mouse_out\.hcount[7] in module draw_mouse is either unconnected or has no load
WARNING: [Synth 8-7129] Port vga_mouse_out\.hcount[6] in module draw_mouse is either unconnected or has no load
WARNING: [Synth 8-7129] Port vga_mouse_out\.hcount[5] in module draw_mouse is either unconnected or has no load
WARNING: [Synth 8-7129] Port vga_mouse_out\.hcount[4] in module draw_mouse is either unconnected or has no load
WARNING: [Synth 8-7129] Port vga_mouse_out\.hcount[3] in module draw_mouse is either unconnected or has no load
WARNING: [Synth 8-7129] Port vga_mouse_out\.hcount[2] in module draw_mouse is either unconnected or has no load
WARNING: [Synth 8-7129] Port vga_mouse_out\.hcount[1] in module draw_mouse is either unconnected or has no load
WARNING: [Synth 8-7129] Port vga_mouse_out\.hcount[0] in module draw_mouse is either unconnected or has no load
WARNING: [Synth 8-7129] Port vga_mouse_out\.hblnk in module draw_mouse is either unconnected or has no load
WARNING: [Synth 8-7129] Port vga_bg_in\.rgb[11] in module draw_bg is either unconnected or has no load
WARNING: [Synth 8-7129] Port vga_bg_in\.rgb[10] in module draw_bg is either unconnected or has no load
WARNING: [Synth 8-7129] Port vga_bg_in\.rgb[9] in module draw_bg is either unconnected or has no load
WARNING: [Synth 8-7129] Port vga_bg_in\.rgb[8] in module draw_bg is either unconnected or has no load
WARNING: [Synth 8-7129] Port vga_bg_in\.rgb[7] in module draw_bg is either unconnected or has no load
WARNING: [Synth 8-7129] Port vga_bg_in\.rgb[6] in module draw_bg is either unconnected or has no load
WARNING: [Synth 8-7129] Port vga_bg_in\.rgb[5] in module draw_bg is either unconnected or has no load
WARNING: [Synth 8-7129] Port vga_bg_in\.rgb[4] in module draw_bg is either unconnected or has no load
WARNING: [Synth 8-7129] Port vga_bg_in\.rgb[3] in module draw_bg is either unconnected or has no load
WARNING: [Synth 8-7129] Port vga_bg_in\.rgb[2] in module draw_bg is either unconnected or has no load
WARNING: [Synth 8-7129] Port vga_bg_in\.rgb[1] in module draw_bg is either unconnected or has no load
WARNING: [Synth 8-7129] Port vga_bg_in\.rgb[0] in module draw_bg is either unconnected or has no load
WARNING: [Synth 8-7129] Port vga_tim\.rgb[11] in module vga_timing is either unconnected or has no load
WARNING: [Synth 8-7129] Port vga_tim\.rgb[10] in module vga_timing is either unconnected or has no load
WARNING: [Synth 8-7129] Port vga_tim\.rgb[9] in module vga_timing is either unconnected or has no load
WARNING: [Synth 8-7129] Port vga_tim\.rgb[8] in module vga_timing is either unconnected or has no load
WARNING: [Synth 8-7129] Port vga_tim\.rgb[7] in module vga_timing is either unconnected or has no load
WARNING: [Synth 8-7129] Port vga_tim\.rgb[6] in module vga_timing is either unconnected or has no load
WARNING: [Synth 8-7129] Port vga_tim\.rgb[5] in module vga_timing is either unconnected or has no load
WARNING: [Synth 8-7129] Port vga_tim\.rgb[4] in module vga_timing is either unconnected or has no load
WARNING: [Synth 8-7129] Port vga_tim\.rgb[3] in module vga_timing is either unconnected or has no load
WARNING: [Synth 8-7129] Port vga_tim\.rgb[2] in module vga_timing is either unconnected or has no load
WARNING: [Synth 8-7129] Port vga_tim\.rgb[1] in module vga_timing is either unconnected or has no load
WARNING: [Synth 8-7129] Port vga_tim\.rgb[0] in module vga_timing is either unconnected or has no load
WARNING: [Synth 8-7080] Parallel synthesis criteria is not met
WARNING: [Synth 8-7129] Port vga_mouse_out\.vcount[10] in module draw_mouse is either unconnected or has no load
WARNING: [Synth 8-7129] Port vga_mouse_out\.vcount[9] in module draw_mouse is either unconnected or has no load
WARNING: [Synth 8-7129] Port vga_mouse_out\.vcount[8] in module draw_mouse is either unconnected or has no load
WARNING: [Synth 8-7129] Port vga_mouse_out\.vcount[7] in module draw_mouse is either unconnected or has no load
WARNING: [Synth 8-7129] Port vga_mouse_out\.vcount[6] in module draw_mouse is either unconnected or has no load
WARNING: [Synth 8-7129] Port vga_mouse_out\.vcount[5] in module draw_mouse is either unconnected or has no load
WARNING: [Synth 8-7129] Port vga_mouse_out\.vcount[4] in module draw_mouse is either unconnected or has no load
WARNING: [Synth 8-7129] Port vga_mouse_out\.vcount[3] in module draw_mouse is either unconnected or has no load
WARNING: [Synth 8-7129] Port vga_mouse_out\.vcount[2] in module draw_mouse is either unconnected or has no load
WARNING: [Synth 8-7129] Port vga_mouse_out\.vcount[1] in module draw_mouse is either unconnected or has no load
WARNING: [Synth 8-7129] Port vga_mouse_out\.vcount[0] in module draw_mouse is either unconnected or has no load
WARNING: [Synth 8-7129] Port vga_mouse_out\.vblnk in module draw_mouse is either unconnected or has no load
WARNING: [Synth 8-7129] Port vga_mouse_out\.hcount[10] in module draw_mouse is either unconnected or has no load
WARNING: [Synth 8-7129] Port vga_mouse_out\.hcount[9] in module draw_mouse is either unconnected or has no load
WARNING: [Synth 8-7129] Port vga_mouse_out\.hcount[8] in module draw_mouse is either unconnected or has no load
WARNING: [Synth 8-7129] Port vga_mouse_out\.hcount[7] in module draw_mouse is either unconnected or has no load
WARNING: [Synth 8-7129] Port vga_mouse_out\.hcount[6] in module draw_mouse is either unconnected or has no load
WARNING: [Synth 8-7129] Port vga_mouse_out\.hcount[5] in module draw_mouse is either unconnected or has no load
WARNING: [Synth 8-7129] Port vga_mouse_out\.hcount[4] in module draw_mouse is either unconnected or has no load
WARNING: [Synth 8-7129] Port vga_mouse_out\.hcount[3] in module draw_mouse is either unconnected or has no load
WARNING: [Synth 8-7129] Port vga_mouse_out\.hcount[2] in module draw_mouse is either unconnected or has no load
WARNING: [Synth 8-7129] Port vga_mouse_out\.hcount[1] in module draw_mouse is either unconnected or has no load
WARNING: [Synth 8-7129] Port vga_mouse_out\.hcount[0] in module draw_mouse is either unconnected or has no load
WARNING: [Synth 8-7129] Port vga_mouse_out\.hblnk in module draw_mouse is either unconnected or has no load
WARNING: [Synth 8-7129] Port vga_bg_in\.rgb[11] in module draw_bg is either unconnected or has no load
WARNING: [Synth 8-7129] Port vga_bg_in\.rgb[10] in module draw_bg is either unconnected or has no load
WARNING: [Synth 8-7129] Port vga_bg_in\.rgb[9] in module draw_bg is either unconnected or has no load
WARNING: [Synth 8-7129] Port vga_bg_in\.rgb[8] in module draw_bg is either unconnected or has no load
WARNING: [Synth 8-7129] Port vga_bg_in\.rgb[7] in module draw_bg is either unconnected or has no load
WARNING: [Synth 8-7129] Port vga_bg_in\.rgb[6] in module draw_bg is either unconnected or has no load
WARNING: [Synth 8-7129] Port vga_bg_in\.rgb[5] in module draw_bg is either unconnected or has no load
WARNING: [Synth 8-7129] Port vga_bg_in\.rgb[4] in module draw_bg is either unconnected or has no load
WARNING: [Synth 8-7129] Port vga_bg_in\.rgb[3] in module draw_bg is either unconnected or has no load
WARNING: [Synth 8-7129] Port vga_bg_in\.rgb[2] in module draw_bg is either unconnected or has no load
WARNING: [Synth 8-7129] Port vga_bg_in\.rgb[1] in module draw_bg is either unconnected or has no load
WARNING: [Synth 8-7129] Port vga_bg_in\.rgb[0] in module draw_bg is either unconnected or has no load
WARNING: [Synth 8-7129] Port vga_tim\.rgb[11] in module vga_timing is either unconnected or has no load
WARNING: [Synth 8-7129] Port vga_tim\.rgb[10] in module vga_timing is either unconnected or has no load
WARNING: [Synth 8-7129] Port vga_tim\.rgb[9] in module vga_timing is either unconnected or has no load
WARNING: [Synth 8-7129] Port vga_tim\.rgb[8] in module vga_timing is either unconnected or has no load
WARNING: [Synth 8-7129] Port vga_tim\.rgb[7] in module vga_timing is either unconnected or has no load
WARNING: [Synth 8-7129] Port vga_tim\.rgb[6] in module vga_timing is either unconnected or has no load
WARNING: [Synth 8-7129] Port vga_tim\.rgb[5] in module vga_timing is either unconnected or has no load
WARNING: [Synth 8-7129] Port vga_tim\.rgb[4] in module vga_timing is either unconnected or has no load
WARNING: [Synth 8-7129] Port vga_tim\.rgb[3] in module vga_timing is either unconnected or has no load
WARNING: [Synth 8-7129] Port vga_tim\.rgb[2] in module vga_timing is either unconnected or has no load
WARNING: [Synth 8-7129] Port vga_tim\.rgb[1] in module vga_timing is either unconnected or has no load
WARNING: [Synth 8-7129] Port vga_tim\.rgb[0] in module vga_timing is either unconnected or has no load

----IMPLEMENTATION----
CLEAR :)
